11:37:21.027 [com.WorkshopJava.app.Main] DEBUG Logger               - Configured Logger
11:37:21.040 [com.WorkshopJava.app.Main] DEBUG GameApplication      - Logging settings
Title: WorkshopJava
Version: 0.0
Width: 1920
Height: 1080
Fullscreen: false
Intro: false
Profiling: false
Single step:false
App Mode: DEVELOPER
Menu Key: ESCAPE
Stage Style: DECORATED
Scene Factory: class com.almasb.fxgl.app.scene.SceneFactory

11:37:21.229 [JavaFX Application Thread] DEBUG FXGLApplication      - Initializing FXGL
11:37:21.234 [JavaFX Application Thread] INFO  Engine               - FXGL-17.2 (20.08.2022 16.50) on LINUX (J:17.0.6 FX:18)
11:37:21.234 [JavaFX Application Thread] DEBUG Engine               - JRE Vendor Name: Red Hat, Inc.
11:37:21.234 [JavaFX Application Thread] DEBUG Engine               - Running on OS: Linux version 6.2.9-100.fc36.x86_64
11:37:21.234 [JavaFX Application Thread] DEBUG Engine               - Architecture: amd64
11:37:21.235 [JavaFX Application Thread] INFO  Engine               - Source code and latest versions at: https://github.com/AlmasB/FXGL
11:37:21.235 [JavaFX Application Thread] INFO  Engine               -       Ask questions and discuss at: https://github.com/AlmasB/FXGL/discussions
11:37:21.235 [JavaFX Application Thread] INFO  Engine               -              Join the FXGL chat at: https://gitter.im/AlmasB/FXGL
11:37:21.443 [JavaFX Application Thread] DEBUG PrimaryStageWindow   - Creating a JavaFX scene
11:37:21.444 [JavaFX Application Thread] DEBUG PrimaryStageWindow   - Target size > screen size
11:37:21.579 [JavaFX Application Thread] DEBUG PrimaryStageWindow   - Target settings size: 1920.0 x 1080.0
11:37:21.579 [JavaFX Application Thread] DEBUG PrimaryStageWindow   - Scaled scene size:    1816.0 x 1035.0
11:37:21.579 [JavaFX Application Thread] DEBUG PrimaryStageWindow   - Scaled ratio: (0.9458333333333333, 0.9583333333333334)
11:37:21.580 [JavaFX Application Thread] DEBUG PrimaryStageWindow   - Set initial scene to FXGLStartupScene
11:37:21.586 [JavaFX Application Thread] DEBUG PrimaryStageWindow   - Opening main window
11:37:21.641 [JavaFX Application Thread] DEBUG PrimaryStageWindow   - Window border size: (2.0, 29.0)
11:37:21.641 [JavaFX Application Thread] DEBUG PrimaryStageWindow   - Scaled size: 1816.0 x 1035.0
11:37:21.641 [JavaFX Application Thread] DEBUG PrimaryStageWindow   - Scaled ratio: (0.9458333333333333, 0.9583333333333334)
11:37:21.641 [JavaFX Application Thread] DEBUG PrimaryStageWindow   - Scene size: 1816.0 x 1035.0
11:37:21.641 [JavaFX Application Thread] DEBUG PrimaryStageWindow   - Stage size: 1818.0 x 1064.0
11:37:21.645 [FXGL Background Thread 1 ] DEBUG Engine               - Initializing environment variables
11:37:21.660 [FXGL Background Thread 1 ] DEBUG FXGLAssetLoaderServi - User app class for loading assets: class com.WorkshopJava.app.App
11:37:21.661 [FXGL Background Thread 1 ] DEBUG GameApplicationServi - Applying CSS: fxgl_dark.css
11:37:21.661 [FXGL Background Thread 1 ] DEBUG FXGLAssetLoaderServi - Loading from file system: jar:file:/home/Florian/.m2/repository/com/github/almasb/fxgl/17.2/fxgl-17.2.jar!/fxglassets/ui/css/fxgl_dark.css
11:37:21.698 [FXGL Background Thread 1 ] DEBUG GameApplicationServi - Initializing application scenes
11:37:21.737 [FXGL Background Thread 1 ] DEBUG GameWorld            - Game world initialized
11:37:21.784 [FXGL Background Thread 1 ] DEBUG PhysicsWorld         - Physics world initialized: appHeight=1080, physics.ppm=50,0
11:37:21.785 [FXGL Background Thread 1 ] DEBUG PhysicsWorld         - Using strategy: BRUTE_FORCE
11:37:21.789 [FXGL Background Thread 1 ] DEBUG GameScene            - Game scene initialized: 1920x1080
11:37:21.801 [FXGL Background Thread 1 ] DEBUG FXGL.DefaultMenu     - createMenuBodyGameMenu()
11:37:21.815 [FXGL Background Thread 1 ] DEBUG FXGL.DefaultMenu     - createOptionsMenu()
11:37:21.825 [FXGL Background Thread 1 ] DEBUG FXGLAssetLoaderServi - Loading from file system: jar:file:/home/Florian/.m2/repository/com/github/almasb/fxgl/17.2/fxgl-17.2.jar!/fxglassets/textures/particles/smoke.png
11:37:21.916 [FXGL Background Thread 1 ] DEBUG FXGLAssetLoaderServi - Loading from file system: jar:file:/home/Florian/.m2/repository/com/github/almasb/fxgl/17.2/fxgl-17.2.jar!/fxglassets/textures/particles/trace_horizontal.png
11:37:21.943 [FXGL Background Thread 1 ] DEBUG GameApplicationServi - Application scenes initialized
11:37:21.953 [FXGL Background Thread 1 ] DEBUG SystemBundleService  - Loading FXGL system data
11:37:21.957 [FXGL Background Thread 1 ] DEBUG FileSystemAccess     - Reading from: /home/Florian/Documents/tek2/experimentation/ws/Workshop_Java_FXGL/WorkshopJava-app/system/fxgl.bundle
11:37:21.962 [FXGL Background Thread 1 ] DEBUG SystemBundleService  - Bundle FXGL: {}
11:37:21.962 [FXGL Background Thread 1 ] DEBUG UpdaterService       - Checking for updates
11:37:21.966 [FXGL Background Thread 4 ] DEBUG FXGLApplication      - Loading fonts
11:37:21.967 [FXGL Background Thread 4 ] DEBUG FXGLAssetLoaderServi - Loading from file system: jar:file:/home/Florian/.m2/repository/com/github/almasb/fxgl/17.2/fxgl-17.2.jar!/fxglassets/ui/fonts/VarelaRound-Regular.ttf
11:37:21.967 [FXGL Background Thread 1 ] DEBUG FXGLApplication      - Loading default localization
11:37:21.967 [FXGL Background Thread 1 ] DEBUG FXGLAssetLoaderServi - Loading from file system: jar:file:/home/Florian/.m2/repository/com/github/almasb/fxgl/17.2/fxgl-17.2.jar!/fxglassets/languages/english.lang
11:37:21.974 [FXGL Background Thread 4 ] DEBUG FXGLAssetLoaderServi - Loading from file system: jar:file:/home/Florian/.m2/repository/com/github/almasb/fxgl/17.2/fxgl-17.2.jar!/fxglassets/ui/fonts/Abel-Regular.ttf
11:37:21.975 [FXGL Background Thread 4 ] DEBUG FXGLAssetLoaderServi - Loading from file system: jar:file:/home/Florian/.m2/repository/com/github/almasb/fxgl/17.2/fxgl-17.2.jar!/fxglassets/ui/fonts/TerminalLandMono-Regular.otf
11:37:21.977 [FXGL Background Thread 4 ] DEBUG FXGLAssetLoaderServi - Loading from file system: jar:file:/home/Florian/.m2/repository/com/github/almasb/fxgl/17.2/fxgl-17.2.jar!/fxglassets/ui/fonts/Courier-Prime.ttf
11:37:21.980 [JavaFX Application Thread] DEBUG FXGLApplication      - Registering font factories with UI factory
11:37:21.983 [FXGL Background Thread 1 ] INFO  FXGLApplication      - FXGL initialization took: 0,337 sec
11:37:21.994 [JavaFX Application Thread] DEBUG Input                - Registered new binding: action0 - Down
11:37:21.995 [JavaFX Application Thread] DEBUG Input                - Registered new binding: action1 - Up
11:37:21.995 [JavaFX Application Thread] DEBUG Input                - Registered new binding: action2 - Right
11:37:21.996 [JavaFX Application Thread] DEBUG Input                - Registered new binding: action3 - Left
11:37:21.997 [JavaFX Application Thread] DEBUG FXGLAssetLoaderServi - Loading from file system: jar:file:/home/Florian/.m2/repository/com/github/almasb/fxgl/17.2/fxgl-17.2.jar!/fxglassets/textures/fxgl_icon.png
11:37:22.029 [JavaFX Application Thread] DEBUG FXGLAssetLoaderServi - Loading from file system: jar:file:/home/Florian/.m2/repository/com/github/almasb/fxgl/17.2/fxgl-17.2.jar!/fxglassets/textures/fxgl_default_cursor.png
11:37:22.030 [JavaFX Application Thread] DEBUG Input                - Registered new binding: Screenshot - CTRL+8
11:37:22.031 [JavaFX Application Thread] DEBUG Input                - Registered new binding: System info dump - CTRL+9
11:37:22.031 [JavaFX Application Thread] DEBUG Input                - Registered new binding: Restart - CTRL+R
11:37:22.031 [JavaFX Application Thread] DEBUG Input                - Registered new binding: Toggle Debug Camera - CTRL+7
11:37:22.033 [JavaFX Application Thread] DEBUG LoopRunner           - Starting loop
11:37:22.033 [JavaFX Application Thread] DEBUG LoopRunner           - Initializing JavaFX AnimationTimerLoop
11:37:22.034 [JavaFX Application Thread] DEBUG GameApplicationServi - Starting new game
11:37:22.035 [JavaFX Application Thread] DEBUG Input                - Clearing active input actions
11:37:22.045 [JavaFX Application Thread] DEBUG GameApplicationServi - Removing overlay from FXGLStartupScene and adding to FXGLLoadingScene
11:37:22.046 [JavaFX Application Thread] DEBUG PrimaryStageWindow   - FXGLStartupScene -> FXGLLoadingScene
11:37:22.046 [JavaFX Application Thread] DEBUG GameApplicationServi - Clearing previous game
11:37:22.046 [JavaFX Application Thread] DEBUG GameScene            - Clearing game scene
11:37:22.046 [JavaFX Application Thread] DEBUG GameWorld            - Clearing game world
11:37:22.046 [JavaFX Application Thread] DEBUG PhysicsWorld         - Clearing physics world
11:37:22.048 [FXGL Background Thread 1 ] DEBUG FXGLApplication      - Initializing game
11:37:22.055 [FXGL Background Thread 1 ] WARN  FXGLAssetLoaderServi - Asset "/assets/textures/thrall.webp" was not found!
11:37:22.056 [FXGL Background Thread 1 ] WARN  FXGLAssetLoaderServi - Failed to load IMAGE
11:37:22.557 [FXGL Background Thread 2 ] INFO  UpdaterService       - Your current version:  17.2
11:37:22.557 [FXGL Background Thread 2 ] INFO  UpdaterService       - Latest stable version: 17.3
11:37:24.965 [FXGL Background Thread 3 ] DEBUG Engine               - Logging environment variables
11:37:24.967 [FXGL Background Thread 3 ] DEBUG Engine               - achievements: []
11:37:24.967 [FXGL Background Thread 3 ] DEBUG Engine               - actualHeight: 1006.0
11:37:24.968 [FXGL Background Thread 3 ] DEBUG Engine               - actualHeightProperty: ReadOnlyDoubleProperty [value: 1007.0]
11:37:24.968 [FXGL Background Thread 3 ] DEBUG Engine               - actualWidth: 1814.0
11:37:24.968 [FXGL Background Thread 3 ] DEBUG Engine               - actualWidthProperty: ReadOnlyDoubleProperty [value: 1814.0]
11:37:24.968 [FXGL Background Thread 3 ] DEBUG Engine               - appIcon: fxgl_icon.png
11:37:24.969 [FXGL Background Thread 3 ] DEBUG Engine               - applicationMode: DEVELOPER
11:37:24.969 [FXGL Background Thread 3 ] DEBUG Engine               - cSSList: [fxgl_dark.css]
11:37:24.969 [FXGL Background Thread 3 ] DEBUG Engine               - collisionDetectionStrategy: BRUTE_FORCE
11:37:24.969 [FXGL Background Thread 3 ] DEBUG Engine               - configClass: Optional.empty
11:37:24.970 [FXGL Background Thread 3 ] DEBUG Engine               - credits: []
11:37:24.971 [FXGL Background Thread 3 ] DEBUG Engine               - defaultCursor: CursorInfo(imageName=fxgl_default_cursor.png, hotspotX=7.0, hotspotY=6.0)
11:37:24.971 [FXGL Background Thread 3 ] DEBUG Engine               - devBBoxColorProperty: ObjectProperty [value: 0xff0000ff]
11:37:24.972 [FXGL Background Thread 3 ] DEBUG Engine               - devEnableDebugCameraProperty: BooleanProperty [value: false]
11:37:24.972 [FXGL Background Thread 3 ] DEBUG Engine               - devSensorColorProperty: ObjectProperty [value: 0xffff00ff]
11:37:24.973 [FXGL Background Thread 3 ] DEBUG Engine               - devShowBBoxProperty: BooleanProperty [value: false]
11:37:24.973 [FXGL Background Thread 3 ] DEBUG Engine               - devShowPositionProperty: BooleanProperty [value: false]
11:37:24.974 [FXGL Background Thread 3 ] DEBUG Engine               - enabledMenuItems: []
11:37:24.974 [FXGL Background Thread 3 ] DEBUG Engine               - engineServices: [class com.almasb.fxgl.app.services.FXGLAssetLoaderService, class com.almasb.fxgl.app.FXGLApplication$GameApplicationService, class com.almasb.fxgl.app.services.FXGLDialogService, class com.almasb.fxgl.app.services.IOTaskExecutorService, class com.almasb.fxgl.io.FileSystemService, class com.almasb.fxgl.localization.LocalizationService, class com.almasb.fxgl.app.services.SystemBundleService, class com.almasb.fxgl.profile.SaveLoadService, class com.almasb.fxgl.ui.FXGLUIFactoryServiceProvider, class com.almasb.fxgl.ui.FXGLDialogFactoryServiceProvider, class com.almasb.fxgl.audio.AudioPlayer, class com.almasb.fxgl.notification.impl.NotificationServiceProvider, class com.almasb.fxgl.achievement.AchievementService, class com.almasb.fxgl.cutscene.CutsceneService, class com.almasb.fxgl.minigames.MiniGameService, class com.almasb.fxgl.net.NetService, class com.almasb.fxgl.app.services.UpdaterService, class com.almasb.fxgl.dev.DevService]
11:37:24.975 [FXGL Background Thread 3 ] DEBUG Engine               - fontGame: Abel-Regular.ttf
11:37:24.975 [FXGL Background Thread 3 ] DEBUG Engine               - fontMono: TerminalLandMono-Regular.otf
11:37:24.975 [FXGL Background Thread 3 ] DEBUG Engine               - fontText: Courier-Prime.ttf
11:37:24.975 [FXGL Background Thread 3 ] DEBUG Engine               - fontUI: VarelaRound-Regular.ttf
11:37:24.976 [FXGL Background Thread 3 ] DEBUG Engine               - fullScreen: BooleanProperty [value: false]
11:37:24.976 [FXGL Background Thread 3 ] DEBUG Engine               - gameDifficulty: MEDIUM
11:37:24.976 [FXGL Background Thread 3 ] DEBUG Engine               - gameDifficultyProperty: ObjectProperty [value: MEDIUM]
11:37:24.977 [FXGL Background Thread 3 ] DEBUG Engine               - globalMusicVolume: 0.5
11:37:24.977 [FXGL Background Thread 3 ] DEBUG Engine               - globalMusicVolumeProperty: DoubleProperty [value: 0.5]
11:37:24.977 [FXGL Background Thread 3 ] DEBUG Engine               - globalSoundVolume: 0.5
11:37:24.978 [FXGL Background Thread 3 ] DEBUG Engine               - globalSoundVolumeProperty: DoubleProperty [value: 0.5]
11:37:24.978 [FXGL Background Thread 3 ] DEBUG Engine               - height: 1080
11:37:24.978 [FXGL Background Thread 3 ] DEBUG Engine               - is3D: false
11:37:24.978 [FXGL Background Thread 3 ] DEBUG Engine               - isAndroid: false
11:37:24.978 [FXGL Background Thread 3 ] DEBUG Engine               - isBrowser: false
11:37:24.979 [FXGL Background Thread 3 ] DEBUG Engine               - isClickFeedbackEnabled: false
11:37:24.979 [FXGL Background Thread 3 ] DEBUG Engine               - isCloseConfirmation: false
11:37:24.979 [FXGL Background Thread 3 ] DEBUG Engine               - isDesktop: true
11:37:24.980 [FXGL Background Thread 3 ] DEBUG Engine               - isDeveloperMenuEnabled: false
11:37:24.980 [FXGL Background Thread 3 ] DEBUG Engine               - isEmbedded: false
11:37:24.980 [FXGL Background Thread 3 ] DEBUG Engine               - isEntityPreloadEnabled: true
11:37:24.980 [FXGL Background Thread 3 ] DEBUG Engine               - isExperimentalTiledLargeMap: false
11:37:24.980 [FXGL Background Thread 3 ] DEBUG Engine               - isFileSystemWriteAllowed: true
11:37:24.981 [FXGL Background Thread 3 ] DEBUG Engine               - isFullScreenAllowed: false
11:37:24.981 [FXGL Background Thread 3 ] DEBUG Engine               - isFullScreenFromStart: false
11:37:24.981 [FXGL Background Thread 3 ] DEBUG Engine               - isGameMenuEnabled: true
11:37:24.982 [FXGL Background Thread 3 ] DEBUG Engine               - isIOS: false
11:37:24.982 [FXGL Background Thread 3 ] DEBUG Engine               - isIntroEnabled: false
11:37:24.982 [FXGL Background Thread 3 ] DEBUG Engine               - isLinux: true
11:37:24.982 [FXGL Background Thread 3 ] DEBUG Engine               - isMac: false
11:37:24.983 [FXGL Background Thread 3 ] DEBUG Engine               - isMainMenuEnabled: false
11:37:24.983 [FXGL Background Thread 3 ] DEBUG Engine               - isManualResizeEnabled: false
11:37:24.983 [FXGL Background Thread 3 ] DEBUG Engine               - isMobile: false
11:37:24.984 [FXGL Background Thread 3 ] DEBUG Engine               - isNative: false
11:37:24.984 [FXGL Background Thread 3 ] DEBUG Engine               - isPauseMusicWhenMinimized: true
11:37:24.984 [FXGL Background Thread 3 ] DEBUG Engine               - isPreserveResizeRatio: false
11:37:24.984 [FXGL Background Thread 3 ] DEBUG Engine               - isProfilingEnabled: false
11:37:24.984 [FXGL Background Thread 3 ] DEBUG Engine               - isScaleAffectedOnResize: true
11:37:24.985 [FXGL Background Thread 3 ] DEBUG Engine               - isSingleStep: false
11:37:24.985 [FXGL Background Thread 3 ] DEBUG Engine               - isUserProfileEnabled: false
11:37:24.985 [FXGL Background Thread 3 ] DEBUG Engine               - isWindows: false
11:37:24.985 [FXGL Background Thread 3 ] DEBUG Engine               - language: ObjectProperty [value: ENGLISH]
11:37:24.986 [FXGL Background Thread 3 ] DEBUG Engine               - menuKey: ESCAPE
11:37:24.986 [FXGL Background Thread 3 ] DEBUG Engine               - mouseSensitivity: 0.2
11:37:24.986 [FXGL Background Thread 3 ] DEBUG Engine               - notificationViewClass: class com.almasb.fxgl.notification.view.XboxNotificationView
11:37:24.986 [FXGL Background Thread 3 ] DEBUG Engine               - pixelsPerMeter: 50.0
11:37:24.987 [FXGL Background Thread 3 ] DEBUG Engine               - platform: LINUX
11:37:24.987 [FXGL Background Thread 3 ] DEBUG Engine               - prefHeightProperty: ReadOnlyDoubleProperty [value: 1080.0]
11:37:24.987 [FXGL Background Thread 3 ] DEBUG Engine               - prefWidthProperty: ReadOnlyDoubleProperty [value: 1920.0]
11:37:24.987 [FXGL Background Thread 3 ] DEBUG Engine               - profileDir: profiles/
11:37:24.988 [FXGL Background Thread 3 ] DEBUG Engine               - profileName: StringProperty [value: DEFAULT]
11:37:24.988 [FXGL Background Thread 3 ] DEBUG Engine               - randomSeed: -1
11:37:24.989 [FXGL Background Thread 3 ] DEBUG Engine               - runtimeInfo: RuntimeInfo(platform=LINUX, version=17.2, build=20.08.2022 16.50)
11:37:24.990 [FXGL Background Thread 3 ] DEBUG Engine               - saveFileExt: sav
11:37:24.990 [FXGL Background Thread 3 ] DEBUG Engine               - scaledHeightProp$fxgl: DoubleProperty [bound, value: 1007.0]
11:37:24.990 [FXGL Background Thread 3 ] DEBUG Engine               - scaledWidthProp$fxgl: DoubleProperty [bound, value: 1814.0]
11:37:24.991 [FXGL Background Thread 3 ] DEBUG Engine               - sceneFactory: com.almasb.fxgl.app.scene.SceneFactory@3d3f849
11:37:24.991 [FXGL Background Thread 3 ] DEBUG Engine               - secondsIn24h: 60
11:37:24.991 [FXGL Background Thread 3 ] DEBUG Engine               - soundMenuBack: menu/back.wav
11:37:24.991 [FXGL Background Thread 3 ] DEBUG Engine               - soundMenuPress: menu/press.wav
11:37:24.991 [FXGL Background Thread 3 ] DEBUG Engine               - soundMenuSelect: menu/select.wav
11:37:24.992 [FXGL Background Thread 3 ] DEBUG Engine               - soundNotification: core/notification.wav
11:37:24.992 [FXGL Background Thread 3 ] DEBUG Engine               - stageStyle: DECORATED
11:37:24.992 [FXGL Background Thread 3 ] DEBUG Engine               - supportedLanguages: [ENGLISH, FRENCH, GERMAN, HUNGARIAN, RUSSIAN]
11:37:24.992 [FXGL Background Thread 3 ] DEBUG Engine               - ticksPerSecond: -1
11:37:24.992 [FXGL Background Thread 3 ] DEBUG Engine               - title: WorkshopJava
11:37:24.993 [FXGL Background Thread 3 ] DEBUG Engine               - urlGithub: https://github.com/AlmasB/FXGL
11:37:24.993 [FXGL Background Thread 3 ] DEBUG Engine               - urlLeaderboard: http://fxgl-top.herokuapp.com/
11:37:24.993 [FXGL Background Thread 3 ] DEBUG Engine               - urlPOM: https://raw.githubusercontent.com/AlmasB/FXGL/release/README.md
11:37:24.993 [FXGL Background Thread 3 ] DEBUG Engine               - userAppClass: class com.WorkshopJava.app.App
11:37:24.994 [FXGL Background Thread 3 ] DEBUG Engine               - version: 0.0
11:37:24.994 [FXGL Background Thread 3 ] DEBUG Engine               - versionCheckDays: 7
11:37:24.994 [FXGL Background Thread 3 ] DEBUG Engine               - width: 1920
11:37:24.994 [FXGL Background Thread 3 ] DEBUG Engine               - Logging services
11:37:24.994 [FXGL Background Thread 3 ] DEBUG Engine               - class com.almasb.fxgl.app.services.FXGLAssetLoaderService
11:37:24.995 [FXGL Background Thread 3 ] DEBUG Engine               - class com.almasb.fxgl.app.FXGLApplication$GameApplicationService
11:37:24.995 [FXGL Background Thread 3 ] DEBUG Engine               - class com.almasb.fxgl.app.services.FXGLDialogService
11:37:24.995 [FXGL Background Thread 3 ] DEBUG Engine               - class com.almasb.fxgl.app.services.IOTaskExecutorService
11:37:24.996 [FXGL Background Thread 3 ] DEBUG Engine               - class com.almasb.fxgl.io.FileSystemService
11:37:24.996 [FXGL Background Thread 3 ] DEBUG Engine               - class com.almasb.fxgl.localization.LocalizationService
11:37:24.996 [FXGL Background Thread 3 ] DEBUG Engine               - class com.almasb.fxgl.app.services.SystemBundleService
11:37:24.996 [FXGL Background Thread 3 ] DEBUG Engine               - class com.almasb.fxgl.profile.SaveLoadService
11:37:24.996 [FXGL Background Thread 3 ] DEBUG Engine               - class com.almasb.fxgl.ui.FXGLUIFactoryServiceProvider
11:37:24.997 [FXGL Background Thread 3 ] DEBUG Engine               - class com.almasb.fxgl.ui.FXGLDialogFactoryServiceProvider
11:37:24.997 [FXGL Background Thread 3 ] DEBUG Engine               - class com.almasb.fxgl.audio.AudioPlayer
11:37:24.997 [FXGL Background Thread 3 ] DEBUG Engine               - class com.almasb.fxgl.notification.impl.NotificationServiceProvider
11:37:24.997 [FXGL Background Thread 3 ] DEBUG Engine               - class com.almasb.fxgl.achievement.AchievementService
11:37:24.998 [FXGL Background Thread 3 ] DEBUG Engine               - class com.almasb.fxgl.cutscene.CutsceneService
11:37:24.998 [FXGL Background Thread 3 ] DEBUG Engine               - class com.almasb.fxgl.minigames.MiniGameService
11:37:24.998 [FXGL Background Thread 3 ] DEBUG Engine               - class com.almasb.fxgl.net.NetService
11:37:24.998 [FXGL Background Thread 3 ] DEBUG Engine               - class com.almasb.fxgl.app.services.UpdaterService
11:37:24.998 [FXGL Background Thread 3 ] DEBUG Engine               - class com.almasb.fxgl.dev.DevService
11:37:27.708 [JavaFX Application Thread] DEBUG FXGLApplication      - Exiting FXGL
11:37:27.708 [JavaFX Application Thread] DEBUG LoopRunner           - Stopping loop
11:37:27.708 [JavaFX Application Thread] DEBUG SystemBundleService  - Saving FXGL system data
11:37:27.713 [JavaFX Application Thread] DEBUG FileSystemAccess     - Writing to: /home/Florian/Documents/tek2/experimentation/ws/Workshop_Java_FXGL/WorkshopJava-app/system/fxgl.bundle
11:37:27.718 [JavaFX Application Thread] DEBUG Async                - Shutting down background threads
11:37:27.718 [JavaFX Application Thread] DEBUG PrimaryStageWindow   - Closing main window
11:37:27.724 [JavaFX Application Thread] DEBUG Logger               - Closing Logger
