11:53:01.766 [com.WorkshopJava.app.Main] DEBUG Logger               - Configured Logger
11:53:01.786 [com.WorkshopJava.app.Main] DEBUG GameApplication      - Logging settings
Title: WorkshopJava
Version: 0.0
Width: 1920
Height: 1080
Fullscreen: false
Intro: false
Profiling: false
Single step:false
App Mode: DEVELOPER
Menu Key: ESCAPE
Stage Style: DECORATED
Scene Factory: class com.almasb.fxgl.app.scene.SceneFactory

11:53:02.239 [JavaFX Application Thread] DEBUG FXGLApplication      - Initializing FXGL
11:53:02.258 [JavaFX Application Thread] INFO  Engine               - FXGL-17.2 (20.08.2022 16.50) on LINUX (J:17.0.6 FX:18)
11:53:02.259 [JavaFX Application Thread] DEBUG Engine               - JRE Vendor Name: Red Hat, Inc.
11:53:02.260 [JavaFX Application Thread] DEBUG Engine               - Running on OS: Linux version 6.2.9-100.fc36.x86_64
11:53:02.260 [JavaFX Application Thread] DEBUG Engine               - Architecture: amd64
11:53:02.261 [JavaFX Application Thread] INFO  Engine               - Source code and latest versions at: https://github.com/AlmasB/FXGL
11:53:02.261 [JavaFX Application Thread] INFO  Engine               -       Ask questions and discuss at: https://github.com/AlmasB/FXGL/discussions
11:53:02.262 [JavaFX Application Thread] INFO  Engine               -              Join the FXGL chat at: https://gitter.im/AlmasB/FXGL
11:53:02.523 [JavaFX Application Thread] DEBUG PrimaryStageWindow   - Creating a JavaFX scene
11:53:02.523 [JavaFX Application Thread] DEBUG PrimaryStageWindow   - Target size > screen size
11:53:02.632 [JavaFX Application Thread] DEBUG PrimaryStageWindow   - Target settings size: 1920.0 x 1080.0
11:53:02.632 [JavaFX Application Thread] DEBUG PrimaryStageWindow   - Scaled scene size:    1816.0 x 1035.0
11:53:02.632 [JavaFX Application Thread] DEBUG PrimaryStageWindow   - Scaled ratio: (0.9458333333333333, 0.9583333333333334)
11:53:02.634 [JavaFX Application Thread] DEBUG PrimaryStageWindow   - Set initial scene to FXGLStartupScene
11:53:02.646 [JavaFX Application Thread] DEBUG PrimaryStageWindow   - Opening main window
11:53:02.755 [JavaFX Application Thread] DEBUG PrimaryStageWindow   - Window border size: (2.0, 29.0)
11:53:02.755 [JavaFX Application Thread] DEBUG PrimaryStageWindow   - Scaled size: 1816.0 x 1035.0
11:53:02.755 [JavaFX Application Thread] DEBUG PrimaryStageWindow   - Scaled ratio: (0.9458333333333333, 0.9583333333333334)
11:53:02.756 [JavaFX Application Thread] DEBUG PrimaryStageWindow   - Scene size: 1816.0 x 1035.0
11:53:02.757 [JavaFX Application Thread] DEBUG PrimaryStageWindow   - Stage size: 1818.0 x 1064.0
11:53:02.762 [FXGL Background Thread 1 ] DEBUG Engine               - Initializing environment variables
11:53:02.782 [FXGL Background Thread 1 ] DEBUG FXGLAssetLoaderServi - User app class for loading assets: class com.WorkshopJava.app.App
11:53:02.782 [FXGL Background Thread 1 ] DEBUG GameApplicationServi - Applying CSS: fxgl_dark.css
11:53:02.783 [FXGL Background Thread 1 ] DEBUG FXGLAssetLoaderServi - Loading from file system: jar:file:/home/Florian/.m2/repository/com/github/almasb/fxgl/17.2/fxgl-17.2.jar!/fxglassets/ui/css/fxgl_dark.css
11:53:02.832 [FXGL Background Thread 1 ] DEBUG GameApplicationServi - Initializing application scenes
11:53:02.865 [FXGL Background Thread 1 ] DEBUG GameWorld            - Game world initialized
11:53:02.903 [FXGL Background Thread 1 ] DEBUG PhysicsWorld         - Physics world initialized: appHeight=1080, physics.ppm=50,0
11:53:02.903 [FXGL Background Thread 1 ] DEBUG PhysicsWorld         - Using strategy: BRUTE_FORCE
11:53:02.906 [FXGL Background Thread 1 ] DEBUG GameScene            - Game scene initialized: 1920x1080
11:53:02.915 [FXGL Background Thread 1 ] DEBUG FXGL.DefaultMenu     - createMenuBodyGameMenu()
11:53:02.930 [FXGL Background Thread 1 ] DEBUG FXGL.DefaultMenu     - createOptionsMenu()
11:53:02.937 [FXGL Background Thread 1 ] DEBUG FXGLAssetLoaderServi - Loading from file system: jar:file:/home/Florian/.m2/repository/com/github/almasb/fxgl/17.2/fxgl-17.2.jar!/fxglassets/textures/particles/smoke.png
11:53:02.997 [FXGL Background Thread 1 ] DEBUG FXGLAssetLoaderServi - Loading from file system: jar:file:/home/Florian/.m2/repository/com/github/almasb/fxgl/17.2/fxgl-17.2.jar!/fxglassets/textures/particles/trace_horizontal.png
11:53:03.025 [FXGL Background Thread 1 ] DEBUG GameApplicationServi - Application scenes initialized
11:53:03.035 [FXGL Background Thread 1 ] DEBUG SystemBundleService  - Loading FXGL system data
11:53:03.038 [FXGL Background Thread 1 ] DEBUG FileSystemAccess     - Reading from: /home/Florian/Documents/tek2/experimentation/ws/Workshop_Java_FXGL/WorkshopJava-app/system/fxgl.bundle
11:53:03.042 [FXGL Background Thread 1 ] DEBUG SystemBundleService  - Bundle FXGL: {}
11:53:03.043 [FXGL Background Thread 1 ] DEBUG UpdaterService       - Checking for updates
11:53:03.046 [FXGL Background Thread 4 ] DEBUG FXGLApplication      - Loading fonts
11:53:03.046 [FXGL Background Thread 4 ] DEBUG FXGLAssetLoaderServi - Loading from file system: jar:file:/home/Florian/.m2/repository/com/github/almasb/fxgl/17.2/fxgl-17.2.jar!/fxglassets/ui/fonts/VarelaRound-Regular.ttf
11:53:03.046 [FXGL Background Thread 1 ] DEBUG FXGLApplication      - Loading default localization
11:53:03.046 [FXGL Background Thread 1 ] DEBUG FXGLAssetLoaderServi - Loading from file system: jar:file:/home/Florian/.m2/repository/com/github/almasb/fxgl/17.2/fxgl-17.2.jar!/fxglassets/languages/english.lang
11:53:03.051 [FXGL Background Thread 4 ] DEBUG FXGLAssetLoaderServi - Loading from file system: jar:file:/home/Florian/.m2/repository/com/github/almasb/fxgl/17.2/fxgl-17.2.jar!/fxglassets/ui/fonts/Abel-Regular.ttf
11:53:03.052 [FXGL Background Thread 4 ] DEBUG FXGLAssetLoaderServi - Loading from file system: jar:file:/home/Florian/.m2/repository/com/github/almasb/fxgl/17.2/fxgl-17.2.jar!/fxglassets/ui/fonts/TerminalLandMono-Regular.otf
11:53:03.053 [FXGL Background Thread 4 ] DEBUG FXGLAssetLoaderServi - Loading from file system: jar:file:/home/Florian/.m2/repository/com/github/almasb/fxgl/17.2/fxgl-17.2.jar!/fxglassets/ui/fonts/Courier-Prime.ttf
11:53:03.055 [JavaFX Application Thread] DEBUG FXGLApplication      - Registering font factories with UI factory
11:53:03.056 [FXGL Background Thread 1 ] INFO  FXGLApplication      - FXGL initialization took: 0,293 sec
11:53:03.063 [JavaFX Application Thread] DEBUG Input                - Registered new binding: action0 - Down
11:53:03.064 [JavaFX Application Thread] DEBUG Input                - Registered new binding: action1 - Up
11:53:03.064 [JavaFX Application Thread] DEBUG Input                - Registered new binding: action2 - Right
11:53:03.064 [JavaFX Application Thread] DEBUG Input                - Registered new binding: action3 - Left
11:53:03.065 [JavaFX Application Thread] DEBUG FXGLAssetLoaderServi - Loading from file system: jar:file:/home/Florian/.m2/repository/com/github/almasb/fxgl/17.2/fxgl-17.2.jar!/fxglassets/textures/fxgl_icon.png
11:53:03.084 [JavaFX Application Thread] DEBUG FXGLAssetLoaderServi - Loading from file system: jar:file:/home/Florian/.m2/repository/com/github/almasb/fxgl/17.2/fxgl-17.2.jar!/fxglassets/textures/fxgl_default_cursor.png
11:53:03.087 [JavaFX Application Thread] DEBUG Input                - Registered new binding: Screenshot - CTRL+8
11:53:03.087 [JavaFX Application Thread] DEBUG Input                - Registered new binding: System info dump - CTRL+9
11:53:03.087 [JavaFX Application Thread] DEBUG Input                - Registered new binding: Restart - CTRL+R
11:53:03.088 [JavaFX Application Thread] DEBUG Input                - Registered new binding: Toggle Debug Camera - CTRL+7
11:53:03.090 [JavaFX Application Thread] DEBUG LoopRunner           - Starting loop
11:53:03.090 [JavaFX Application Thread] DEBUG LoopRunner           - Initializing JavaFX AnimationTimerLoop
11:53:03.091 [JavaFX Application Thread] DEBUG GameApplicationServi - Starting new game
11:53:03.093 [JavaFX Application Thread] DEBUG Input                - Clearing active input actions
11:53:03.107 [JavaFX Application Thread] DEBUG GameApplicationServi - Removing overlay from FXGLStartupScene and adding to FXGLLoadingScene
11:53:03.107 [JavaFX Application Thread] DEBUG PrimaryStageWindow   - FXGLStartupScene -> FXGLLoadingScene
11:53:03.108 [JavaFX Application Thread] DEBUG GameApplicationServi - Clearing previous game
11:53:03.108 [JavaFX Application Thread] DEBUG GameScene            - Clearing game scene
11:53:03.108 [JavaFX Application Thread] DEBUG GameWorld            - Clearing game world
11:53:03.108 [JavaFX Application Thread] DEBUG PhysicsWorld         - Clearing physics world
11:53:03.109 [FXGL Background Thread 1 ] DEBUG FXGLApplication      - Initializing game
11:53:03.119 [FXGL Background Thread 1 ] INFO  FXGLApplication      - Game initialization took: 0,010 sec
11:53:03.200 [JavaFX Application Thread] DEBUG Input                - Clearing active input actions
11:53:03.207 [JavaFX Application Thread] DEBUG GameApplicationServi - Removing overlay from FXGLLoadingScene and adding to GameScene
11:53:03.207 [JavaFX Application Thread] DEBUG PrimaryStageWindow   - FXGLLoadingScene -> GameScene
11:53:03.888 [FXGL Background Thread 2 ] INFO  UpdaterService       - Your current version:  17.2
11:53:03.889 [FXGL Background Thread 2 ] INFO  UpdaterService       - Latest stable version: 17.3
11:53:05.213 [JavaFX Application Thread] DEBUG FXGLApplication      - Exiting FXGL
11:53:05.213 [JavaFX Application Thread] DEBUG LoopRunner           - Stopping loop
11:53:05.214 [JavaFX Application Thread] DEBUG SystemBundleService  - Saving FXGL system data
11:53:05.218 [JavaFX Application Thread] DEBUG FileSystemAccess     - Writing to: /home/Florian/Documents/tek2/experimentation/ws/Workshop_Java_FXGL/WorkshopJava-app/system/fxgl.bundle
11:53:05.222 [JavaFX Application Thread] DEBUG Async                - Shutting down background threads
11:53:05.223 [JavaFX Application Thread] DEBUG PrimaryStageWindow   - Closing main window
11:53:05.256 [JavaFX Application Thread] DEBUG Logger               - Closing Logger
