11:45:12.251 [com.WorkshopJava.app.Main] DEBUG Logger               - Configured Logger
11:45:12.265 [com.WorkshopJava.app.Main] DEBUG GameApplication      - Logging settings
Title: WorkshopJava
Version: 0.0
Width: 1920
Height: 1080
Fullscreen: false
Intro: false
Profiling: false
Single step:false
App Mode: DEVELOPER
Menu Key: ESCAPE
Stage Style: DECORATED
Scene Factory: class com.almasb.fxgl.app.scene.SceneFactory

11:45:12.459 [JavaFX Application Thread] DEBUG FXGLApplication      - Initializing FXGL
11:45:12.464 [JavaFX Application Thread] INFO  Engine               - FXGL-17.2 (20.08.2022 16.50) on LINUX (J:17.0.6 FX:18)
11:45:12.464 [JavaFX Application Thread] DEBUG Engine               - JRE Vendor Name: Red Hat, Inc.
11:45:12.464 [JavaFX Application Thread] DEBUG Engine               - Running on OS: Linux version 6.2.9-100.fc36.x86_64
11:45:12.464 [JavaFX Application Thread] DEBUG Engine               - Architecture: amd64
11:45:12.465 [JavaFX Application Thread] INFO  Engine               - Source code and latest versions at: https://github.com/AlmasB/FXGL
11:45:12.465 [JavaFX Application Thread] INFO  Engine               -       Ask questions and discuss at: https://github.com/AlmasB/FXGL/discussions
11:45:12.465 [JavaFX Application Thread] INFO  Engine               -              Join the FXGL chat at: https://gitter.im/AlmasB/FXGL
11:45:12.572 [JavaFX Application Thread] DEBUG PrimaryStageWindow   - Creating a JavaFX scene
11:45:12.572 [JavaFX Application Thread] DEBUG PrimaryStageWindow   - Target size > screen size
11:45:12.655 [JavaFX Application Thread] DEBUG PrimaryStageWindow   - Target settings size: 1920.0 x 1080.0
11:45:12.655 [JavaFX Application Thread] DEBUG PrimaryStageWindow   - Scaled scene size:    1816.0 x 1035.0
11:45:12.656 [JavaFX Application Thread] DEBUG PrimaryStageWindow   - Scaled ratio: (0.9458333333333333, 0.9583333333333334)
11:45:12.657 [JavaFX Application Thread] DEBUG PrimaryStageWindow   - Set initial scene to FXGLStartupScene
11:45:12.664 [JavaFX Application Thread] DEBUG PrimaryStageWindow   - Opening main window
11:45:12.717 [JavaFX Application Thread] DEBUG PrimaryStageWindow   - Window border size: (2.0, 29.0)
11:45:12.717 [JavaFX Application Thread] DEBUG PrimaryStageWindow   - Scaled size: 1816.0 x 1035.0
11:45:12.717 [JavaFX Application Thread] DEBUG PrimaryStageWindow   - Scaled ratio: (0.9458333333333333, 0.9583333333333334)
11:45:12.718 [JavaFX Application Thread] DEBUG PrimaryStageWindow   - Scene size: 1816.0 x 1035.0
11:45:12.718 [JavaFX Application Thread] DEBUG PrimaryStageWindow   - Stage size: 1818.0 x 1064.0
11:45:12.722 [FXGL Background Thread 1 ] DEBUG Engine               - Initializing environment variables
11:45:12.737 [FXGL Background Thread 1 ] DEBUG FXGLAssetLoaderServi - User app class for loading assets: class com.WorkshopJava.app.App
11:45:12.737 [FXGL Background Thread 1 ] DEBUG GameApplicationServi - Applying CSS: fxgl_dark.css
11:45:12.738 [FXGL Background Thread 1 ] DEBUG FXGLAssetLoaderServi - Loading from file system: jar:file:/home/Florian/.m2/repository/com/github/almasb/fxgl/17.2/fxgl-17.2.jar!/fxglassets/ui/css/fxgl_dark.css
11:45:12.770 [FXGL Background Thread 1 ] DEBUG GameApplicationServi - Initializing application scenes
11:45:12.806 [FXGL Background Thread 1 ] DEBUG GameWorld            - Game world initialized
11:45:12.845 [FXGL Background Thread 1 ] DEBUG PhysicsWorld         - Physics world initialized: appHeight=1080, physics.ppm=50,0
11:45:12.845 [FXGL Background Thread 1 ] DEBUG PhysicsWorld         - Using strategy: BRUTE_FORCE
11:45:12.849 [FXGL Background Thread 1 ] DEBUG GameScene            - Game scene initialized: 1920x1080
11:45:12.859 [FXGL Background Thread 1 ] DEBUG FXGL.DefaultMenu     - createMenuBodyGameMenu()
11:45:12.871 [FXGL Background Thread 1 ] DEBUG FXGL.DefaultMenu     - createOptionsMenu()
11:45:12.880 [FXGL Background Thread 1 ] DEBUG FXGLAssetLoaderServi - Loading from file system: jar:file:/home/Florian/.m2/repository/com/github/almasb/fxgl/17.2/fxgl-17.2.jar!/fxglassets/textures/particles/smoke.png
11:45:12.956 [FXGL Background Thread 1 ] DEBUG FXGLAssetLoaderServi - Loading from file system: jar:file:/home/Florian/.m2/repository/com/github/almasb/fxgl/17.2/fxgl-17.2.jar!/fxglassets/textures/particles/trace_horizontal.png
11:45:12.991 [FXGL Background Thread 1 ] DEBUG GameApplicationServi - Application scenes initialized
11:45:13.000 [FXGL Background Thread 1 ] DEBUG SystemBundleService  - Loading FXGL system data
11:45:13.002 [FXGL Background Thread 1 ] DEBUG FileSystemAccess     - Reading from: /home/Florian/Documents/tek2/experimentation/ws/Workshop_Java_FXGL/WorkshopJava-app/system/fxgl.bundle
11:45:13.005 [FXGL Background Thread 1 ] DEBUG SystemBundleService  - Bundle FXGL: {}
11:45:13.005 [FXGL Background Thread 1 ] DEBUG UpdaterService       - Checking for updates
11:45:13.008 [FXGL Background Thread 4 ] DEBUG FXGLApplication      - Loading fonts
11:45:13.008 [FXGL Background Thread 4 ] DEBUG FXGLAssetLoaderServi - Loading from file system: jar:file:/home/Florian/.m2/repository/com/github/almasb/fxgl/17.2/fxgl-17.2.jar!/fxglassets/ui/fonts/VarelaRound-Regular.ttf
11:45:13.008 [FXGL Background Thread 1 ] DEBUG FXGLApplication      - Loading default localization
11:45:13.008 [FXGL Background Thread 1 ] DEBUG FXGLAssetLoaderServi - Loading from file system: jar:file:/home/Florian/.m2/repository/com/github/almasb/fxgl/17.2/fxgl-17.2.jar!/fxglassets/languages/english.lang
11:45:13.012 [FXGL Background Thread 4 ] DEBUG FXGLAssetLoaderServi - Loading from file system: jar:file:/home/Florian/.m2/repository/com/github/almasb/fxgl/17.2/fxgl-17.2.jar!/fxglassets/ui/fonts/Abel-Regular.ttf
11:45:13.013 [FXGL Background Thread 4 ] DEBUG FXGLAssetLoaderServi - Loading from file system: jar:file:/home/Florian/.m2/repository/com/github/almasb/fxgl/17.2/fxgl-17.2.jar!/fxglassets/ui/fonts/TerminalLandMono-Regular.otf
11:45:13.013 [FXGL Background Thread 4 ] DEBUG FXGLAssetLoaderServi - Loading from file system: jar:file:/home/Florian/.m2/repository/com/github/almasb/fxgl/17.2/fxgl-17.2.jar!/fxglassets/ui/fonts/Courier-Prime.ttf
11:45:13.015 [JavaFX Application Thread] DEBUG FXGLApplication      - Registering font factories with UI factory
11:45:13.017 [FXGL Background Thread 1 ] INFO  FXGLApplication      - FXGL initialization took: 0,295 sec
11:45:13.017 [JavaFX Application Thread] DEBUG FXGLAssetLoaderServi - Loading from file system: jar:file:/home/Florian/.m2/repository/com/github/almasb/fxgl/17.2/fxgl-17.2.jar!/fxglassets/textures/fxgl_icon.png
11:45:13.043 [JavaFX Application Thread] DEBUG FXGLAssetLoaderServi - Loading from file system: jar:file:/home/Florian/.m2/repository/com/github/almasb/fxgl/17.2/fxgl-17.2.jar!/fxglassets/textures/fxgl_default_cursor.png
11:45:13.055 [JavaFX Application Thread] DEBUG Input                - Registered new binding: Screenshot - CTRL+8
11:45:13.056 [JavaFX Application Thread] DEBUG Input                - Registered new binding: System info dump - CTRL+9
11:45:13.056 [JavaFX Application Thread] DEBUG Input                - Registered new binding: Restart - CTRL+R
11:45:13.057 [JavaFX Application Thread] DEBUG Input                - Registered new binding: Toggle Debug Camera - CTRL+7
11:45:13.058 [JavaFX Application Thread] DEBUG LoopRunner           - Starting loop
11:45:13.059 [JavaFX Application Thread] DEBUG LoopRunner           - Initializing JavaFX AnimationTimerLoop
11:45:13.060 [JavaFX Application Thread] DEBUG GameApplicationServi - Starting new game
11:45:13.060 [JavaFX Application Thread] DEBUG Input                - Clearing active input actions
11:45:13.072 [JavaFX Application Thread] DEBUG GameApplicationServi - Removing overlay from FXGLStartupScene and adding to FXGLLoadingScene
11:45:13.072 [JavaFX Application Thread] DEBUG PrimaryStageWindow   - FXGLStartupScene -> FXGLLoadingScene
11:45:13.072 [JavaFX Application Thread] DEBUG GameApplicationServi - Clearing previous game
11:45:13.072 [JavaFX Application Thread] DEBUG GameScene            - Clearing game scene
11:45:13.072 [JavaFX Application Thread] DEBUG GameWorld            - Clearing game world
11:45:13.073 [JavaFX Application Thread] DEBUG PhysicsWorld         - Clearing physics world
11:45:13.074 [FXGL Background Thread 1 ] DEBUG FXGLApplication      - Initializing game
11:45:13.080 [FXGL Background Thread 1 ] INFO  FXGLApplication      - Game initialization took: 0,006 sec
11:45:13.136 [JavaFX Application Thread] DEBUG Input                - Clearing active input actions
11:45:13.143 [JavaFX Application Thread] DEBUG GameApplicationServi - Removing overlay from FXGLLoadingScene and adding to GameScene
11:45:13.144 [JavaFX Application Thread] DEBUG PrimaryStageWindow   - FXGLLoadingScene -> GameScene
11:45:13.948 [FXGL Background Thread 2 ] INFO  UpdaterService       - Your current version:  17.2
11:45:13.949 [FXGL Background Thread 2 ] INFO  UpdaterService       - Latest stable version: 17.3
11:45:14.408 [JavaFX Application Thread] DEBUG PrimaryStageWindow   - Push state: FXGLDefaultMenu
11:45:14.418 [JavaFX Application Thread] DEBUG Input                - Clearing active input actions
11:45:14.433 [JavaFX Application Thread] DEBUG GameApplicationServi - Removing overlay from GameScene and adding to FXGLDefaultMenu
11:45:14.435 [JavaFX Application Thread] DEBUG PrimaryStageWindow   - GameScene -> FXGLDefaultMenu
11:45:16.007 [FXGL Background Thread 3 ] DEBUG Engine               - Logging environment variables
11:45:16.009 [FXGL Background Thread 3 ] DEBUG Engine               - achievements: []
11:45:16.010 [FXGL Background Thread 3 ] DEBUG Engine               - actualHeight: 1006.0
11:45:16.010 [FXGL Background Thread 3 ] DEBUG Engine               - actualHeightProperty: ReadOnlyDoubleProperty [value: 1007.0]
11:45:16.011 [FXGL Background Thread 3 ] DEBUG Engine               - actualWidth: 1814.0
11:45:16.011 [FXGL Background Thread 3 ] DEBUG Engine               - actualWidthProperty: ReadOnlyDoubleProperty [value: 1814.0]
11:45:16.012 [FXGL Background Thread 3 ] DEBUG Engine               - appIcon: fxgl_icon.png
11:45:16.012 [FXGL Background Thread 3 ] DEBUG Engine               - applicationMode: DEVELOPER
11:45:16.013 [FXGL Background Thread 3 ] DEBUG Engine               - cSSList: [fxgl_dark.css]
11:45:16.013 [FXGL Background Thread 3 ] DEBUG Engine               - collisionDetectionStrategy: BRUTE_FORCE
11:45:16.014 [FXGL Background Thread 3 ] DEBUG Engine               - configClass: Optional.empty
11:45:16.014 [FXGL Background Thread 3 ] DEBUG Engine               - credits: []
11:45:16.016 [FXGL Background Thread 3 ] DEBUG Engine               - defaultCursor: CursorInfo(imageName=fxgl_default_cursor.png, hotspotX=7.0, hotspotY=6.0)
11:45:16.017 [FXGL Background Thread 3 ] DEBUG Engine               - devBBoxColorProperty: ObjectProperty [value: 0xff0000ff]
11:45:16.017 [FXGL Background Thread 3 ] DEBUG Engine               - devEnableDebugCameraProperty: BooleanProperty [value: false]
11:45:16.018 [FXGL Background Thread 3 ] DEBUG Engine               - devSensorColorProperty: ObjectProperty [value: 0xffff00ff]
11:45:16.018 [FXGL Background Thread 3 ] DEBUG Engine               - devShowBBoxProperty: BooleanProperty [value: false]
11:45:16.019 [FXGL Background Thread 3 ] DEBUG Engine               - devShowPositionProperty: BooleanProperty [value: false]
11:45:16.019 [FXGL Background Thread 3 ] DEBUG Engine               - enabledMenuItems: []
11:45:16.019 [FXGL Background Thread 3 ] DEBUG Engine               - engineServices: [class com.almasb.fxgl.app.services.FXGLAssetLoaderService, class com.almasb.fxgl.app.FXGLApplication$GameApplicationService, class com.almasb.fxgl.app.services.FXGLDialogService, class com.almasb.fxgl.app.services.IOTaskExecutorService, class com.almasb.fxgl.io.FileSystemService, class com.almasb.fxgl.localization.LocalizationService, class com.almasb.fxgl.app.services.SystemBundleService, class com.almasb.fxgl.profile.SaveLoadService, class com.almasb.fxgl.ui.FXGLUIFactoryServiceProvider, class com.almasb.fxgl.ui.FXGLDialogFactoryServiceProvider, class com.almasb.fxgl.audio.AudioPlayer, class com.almasb.fxgl.notification.impl.NotificationServiceProvider, class com.almasb.fxgl.achievement.AchievementService, class com.almasb.fxgl.cutscene.CutsceneService, class com.almasb.fxgl.minigames.MiniGameService, class com.almasb.fxgl.net.NetService, class com.almasb.fxgl.app.services.UpdaterService, class com.almasb.fxgl.dev.DevService]
11:45:16.020 [FXGL Background Thread 3 ] DEBUG Engine               - fontGame: Abel-Regular.ttf
11:45:16.020 [FXGL Background Thread 3 ] DEBUG Engine               - fontMono: TerminalLandMono-Regular.otf
11:45:16.021 [FXGL Background Thread 3 ] DEBUG Engine               - fontText: Courier-Prime.ttf
11:45:16.021 [FXGL Background Thread 3 ] DEBUG Engine               - fontUI: VarelaRound-Regular.ttf
11:45:16.021 [FXGL Background Thread 3 ] DEBUG Engine               - fullScreen: BooleanProperty [value: false]
11:45:16.022 [FXGL Background Thread 3 ] DEBUG Engine               - gameDifficulty: MEDIUM
11:45:16.022 [FXGL Background Thread 3 ] DEBUG Engine               - gameDifficultyProperty: ObjectProperty [value: MEDIUM]
11:45:16.022 [FXGL Background Thread 3 ] DEBUG Engine               - globalMusicVolume: 0.5
11:45:16.023 [FXGL Background Thread 3 ] DEBUG Engine               - globalMusicVolumeProperty: DoubleProperty [value: 0.5]
11:45:16.023 [FXGL Background Thread 3 ] DEBUG Engine               - globalSoundVolume: 0.5
11:45:16.024 [FXGL Background Thread 3 ] DEBUG Engine               - globalSoundVolumeProperty: DoubleProperty [value: 0.5]
11:45:16.024 [FXGL Background Thread 3 ] DEBUG Engine               - height: 1080
11:45:16.025 [FXGL Background Thread 3 ] DEBUG Engine               - is3D: false
11:45:16.025 [FXGL Background Thread 3 ] DEBUG Engine               - isAndroid: false
11:45:16.025 [FXGL Background Thread 3 ] DEBUG Engine               - isBrowser: false
11:45:16.026 [FXGL Background Thread 3 ] DEBUG Engine               - isClickFeedbackEnabled: false
11:45:16.026 [FXGL Background Thread 3 ] DEBUG Engine               - isCloseConfirmation: false
11:45:16.027 [FXGL Background Thread 3 ] DEBUG Engine               - isDesktop: true
11:45:16.027 [FXGL Background Thread 3 ] DEBUG Engine               - isDeveloperMenuEnabled: false
11:45:16.027 [FXGL Background Thread 3 ] DEBUG Engine               - isEmbedded: false
11:45:16.028 [FXGL Background Thread 3 ] DEBUG Engine               - isEntityPreloadEnabled: true
11:45:16.028 [FXGL Background Thread 3 ] DEBUG Engine               - isExperimentalTiledLargeMap: false
11:45:16.029 [FXGL Background Thread 3 ] DEBUG Engine               - isFileSystemWriteAllowed: true
11:45:16.029 [FXGL Background Thread 3 ] DEBUG Engine               - isFullScreenAllowed: false
11:45:16.029 [FXGL Background Thread 3 ] DEBUG Engine               - isFullScreenFromStart: false
11:45:16.030 [FXGL Background Thread 3 ] DEBUG Engine               - isGameMenuEnabled: true
11:45:16.030 [FXGL Background Thread 3 ] DEBUG Engine               - isIOS: false
11:45:16.030 [FXGL Background Thread 3 ] DEBUG Engine               - isIntroEnabled: false
11:45:16.031 [FXGL Background Thread 3 ] DEBUG Engine               - isLinux: true
11:45:16.031 [FXGL Background Thread 3 ] DEBUG Engine               - isMac: false
11:45:16.032 [FXGL Background Thread 3 ] DEBUG Engine               - isMainMenuEnabled: false
11:45:16.032 [FXGL Background Thread 3 ] DEBUG Engine               - isManualResizeEnabled: false
11:45:16.033 [FXGL Background Thread 3 ] DEBUG Engine               - isMobile: false
11:45:16.033 [FXGL Background Thread 3 ] DEBUG Engine               - isNative: false
11:45:16.033 [FXGL Background Thread 3 ] DEBUG Engine               - isPauseMusicWhenMinimized: true
11:45:16.034 [FXGL Background Thread 3 ] DEBUG Engine               - isPreserveResizeRatio: false
11:45:16.034 [FXGL Background Thread 3 ] DEBUG Engine               - isProfilingEnabled: false
11:45:16.035 [FXGL Background Thread 3 ] DEBUG Engine               - isScaleAffectedOnResize: true
11:45:16.035 [FXGL Background Thread 3 ] DEBUG Engine               - isSingleStep: false
11:45:16.035 [FXGL Background Thread 3 ] DEBUG Engine               - isUserProfileEnabled: false
11:45:16.036 [FXGL Background Thread 3 ] DEBUG Engine               - isWindows: false
11:45:16.036 [FXGL Background Thread 3 ] DEBUG Engine               - language: ObjectProperty [value: ENGLISH]
11:45:16.036 [FXGL Background Thread 3 ] DEBUG Engine               - menuKey: ESCAPE
11:45:16.037 [FXGL Background Thread 3 ] DEBUG Engine               - mouseSensitivity: 0.2
11:45:16.037 [FXGL Background Thread 3 ] DEBUG Engine               - notificationViewClass: class com.almasb.fxgl.notification.view.XboxNotificationView
11:45:16.038 [FXGL Background Thread 3 ] DEBUG Engine               - pixelsPerMeter: 50.0
11:45:16.038 [FXGL Background Thread 3 ] DEBUG Engine               - platform: LINUX
11:45:16.038 [FXGL Background Thread 3 ] DEBUG Engine               - prefHeightProperty: ReadOnlyDoubleProperty [value: 1080.0]
11:45:16.039 [FXGL Background Thread 3 ] DEBUG Engine               - prefWidthProperty: ReadOnlyDoubleProperty [value: 1920.0]
11:45:16.039 [FXGL Background Thread 3 ] DEBUG Engine               - profileDir: profiles/
11:45:16.040 [FXGL Background Thread 3 ] DEBUG Engine               - profileName: StringProperty [value: DEFAULT]
11:45:16.040 [FXGL Background Thread 3 ] DEBUG Engine               - randomSeed: -1
11:45:16.041 [FXGL Background Thread 3 ] DEBUG Engine               - runtimeInfo: RuntimeInfo(platform=LINUX, version=17.2, build=20.08.2022 16.50)
11:45:16.042 [FXGL Background Thread 3 ] DEBUG Engine               - saveFileExt: sav
11:45:16.042 [FXGL Background Thread 3 ] DEBUG Engine               - scaledHeightProp$fxgl: DoubleProperty [bound, value: 1007.0]
11:45:16.043 [FXGL Background Thread 3 ] DEBUG Engine               - scaledWidthProp$fxgl: DoubleProperty [bound, value: 1814.0]
11:45:16.043 [FXGL Background Thread 3 ] DEBUG Engine               - sceneFactory: com.almasb.fxgl.app.scene.SceneFactory@119d9958
11:45:16.043 [FXGL Background Thread 3 ] DEBUG Engine               - secondsIn24h: 60
11:45:16.044 [FXGL Background Thread 3 ] DEBUG Engine               - soundMenuBack: menu/back.wav
11:45:16.044 [FXGL Background Thread 3 ] DEBUG Engine               - soundMenuPress: menu/press.wav
11:45:16.044 [FXGL Background Thread 3 ] DEBUG Engine               - soundMenuSelect: menu/select.wav
11:45:16.045 [FXGL Background Thread 3 ] DEBUG Engine               - soundNotification: core/notification.wav
11:45:16.045 [FXGL Background Thread 3 ] DEBUG Engine               - stageStyle: DECORATED
11:45:16.045 [FXGL Background Thread 3 ] DEBUG Engine               - supportedLanguages: [ENGLISH, FRENCH, GERMAN, HUNGARIAN, RUSSIAN]
11:45:16.046 [FXGL Background Thread 3 ] DEBUG Engine               - ticksPerSecond: -1
11:45:16.046 [FXGL Background Thread 3 ] DEBUG Engine               - title: WorkshopJava
11:45:16.047 [FXGL Background Thread 3 ] DEBUG Engine               - urlGithub: https://github.com/AlmasB/FXGL
11:45:16.047 [FXGL Background Thread 3 ] DEBUG Engine               - urlLeaderboard: http://fxgl-top.herokuapp.com/
11:45:16.048 [FXGL Background Thread 3 ] DEBUG Engine               - urlPOM: https://raw.githubusercontent.com/AlmasB/FXGL/release/README.md
11:45:16.048 [FXGL Background Thread 3 ] DEBUG Engine               - userAppClass: class com.WorkshopJava.app.App
11:45:16.048 [FXGL Background Thread 3 ] DEBUG Engine               - version: 0.0
11:45:16.049 [FXGL Background Thread 3 ] DEBUG Engine               - versionCheckDays: 7
11:45:16.049 [FXGL Background Thread 3 ] DEBUG Engine               - width: 1920
11:45:16.050 [FXGL Background Thread 3 ] DEBUG Engine               - Logging services
11:45:16.050 [FXGL Background Thread 3 ] DEBUG Engine               - class com.almasb.fxgl.app.services.FXGLAssetLoaderService
11:45:16.051 [FXGL Background Thread 3 ] DEBUG Engine               - class com.almasb.fxgl.app.FXGLApplication$GameApplicationService
11:45:16.051 [FXGL Background Thread 3 ] DEBUG Engine               - class com.almasb.fxgl.app.services.FXGLDialogService
11:45:16.052 [FXGL Background Thread 3 ] DEBUG Engine               - class com.almasb.fxgl.app.services.IOTaskExecutorService
11:45:16.052 [FXGL Background Thread 3 ] DEBUG Engine               - class com.almasb.fxgl.io.FileSystemService
11:45:16.052 [FXGL Background Thread 3 ] DEBUG Engine               - class com.almasb.fxgl.localization.LocalizationService
11:45:16.053 [FXGL Background Thread 3 ] DEBUG Engine               - class com.almasb.fxgl.app.services.SystemBundleService
11:45:16.053 [FXGL Background Thread 3 ] DEBUG Engine               - class com.almasb.fxgl.profile.SaveLoadService
11:45:16.053 [FXGL Background Thread 3 ] DEBUG Engine               - class com.almasb.fxgl.ui.FXGLUIFactoryServiceProvider
11:45:16.054 [FXGL Background Thread 3 ] DEBUG Engine               - class com.almasb.fxgl.ui.FXGLDialogFactoryServiceProvider
11:45:16.054 [FXGL Background Thread 3 ] DEBUG Engine               - class com.almasb.fxgl.audio.AudioPlayer
11:45:16.054 [FXGL Background Thread 3 ] DEBUG Engine               - class com.almasb.fxgl.notification.impl.NotificationServiceProvider
11:45:16.055 [FXGL Background Thread 3 ] DEBUG Engine               - class com.almasb.fxgl.achievement.AchievementService
11:45:16.055 [FXGL Background Thread 3 ] DEBUG Engine               - class com.almasb.fxgl.cutscene.CutsceneService
11:45:16.056 [FXGL Background Thread 3 ] DEBUG Engine               - class com.almasb.fxgl.minigames.MiniGameService
11:45:16.056 [FXGL Background Thread 3 ] DEBUG Engine               - class com.almasb.fxgl.net.NetService
11:45:16.056 [FXGL Background Thread 3 ] DEBUG Engine               - class com.almasb.fxgl.app.services.UpdaterService
11:45:16.057 [FXGL Background Thread 3 ] DEBUG Engine               - class com.almasb.fxgl.dev.DevService
11:45:19.971 [JavaFX Application Thread] DEBUG FXGL.DefaultMenu     - createContentControls()
11:45:23.041 [JavaFX Application Thread] DEBUG PrimaryStageWindow   - Pop state: FXGLDefaultMenu
11:45:23.041 [JavaFX Application Thread] DEBUG Input                - Clearing active input actions
11:45:23.043 [JavaFX Application Thread] DEBUG GameApplicationServi - Removing overlay from FXGLDefaultMenu and adding to GameScene
11:45:23.044 [JavaFX Application Thread] DEBUG PrimaryStageWindow   - GameScene <- FXGLDefaultMenu
11:45:23.382 [JavaFX Application Thread] DEBUG PrimaryStageWindow   - Push state: FXGLDefaultMenu
11:45:23.383 [JavaFX Application Thread] DEBUG Input                - Clearing active input actions
11:45:23.391 [JavaFX Application Thread] DEBUG GameApplicationServi - Removing overlay from GameScene and adding to FXGLDefaultMenu
11:45:23.392 [JavaFX Application Thread] DEBUG PrimaryStageWindow   - GameScene -> FXGLDefaultMenu
11:45:24.534 [JavaFX Application Thread] DEBUG Menu                 - fireExit()
11:45:24.543 [JavaFX Application Thread] DEBUG PrimaryStageWindow   - Push state: DialogSubScene
11:45:24.543 [JavaFX Application Thread] DEBUG Input                - Clearing active input actions
11:45:24.545 [JavaFX Application Thread] DEBUG GameApplicationServi - Removing overlay from FXGLDefaultMenu and adding to DialogSubScene
11:45:24.546 [JavaFX Application Thread] DEBUG PrimaryStageWindow   - FXGLDefaultMenu -> DialogSubScene
11:45:25.323 [JavaFX Application Thread] DEBUG PrimaryStageWindow   - Pop state: DialogSubScene
11:45:25.323 [JavaFX Application Thread] DEBUG Input                - Clearing active input actions
11:45:25.325 [JavaFX Application Thread] DEBUG GameApplicationServi - Removing overlay from DialogSubScene and adding to FXGLDefaultMenu
11:45:25.325 [JavaFX Application Thread] DEBUG PrimaryStageWindow   - FXGLDefaultMenu <- DialogSubScene
11:45:25.326 [JavaFX Application Thread] DEBUG FXGLApplication      - Exiting FXGL
11:45:25.326 [JavaFX Application Thread] DEBUG LoopRunner           - Stopping loop
11:45:25.326 [JavaFX Application Thread] DEBUG SystemBundleService  - Saving FXGL system data
11:45:25.330 [JavaFX Application Thread] DEBUG FileSystemAccess     - Writing to: /home/Florian/Documents/tek2/experimentation/ws/Workshop_Java_FXGL/WorkshopJava-app/system/fxgl.bundle
11:45:25.335 [JavaFX Application Thread] DEBUG Async                - Shutting down background threads
11:45:25.335 [JavaFX Application Thread] DEBUG PrimaryStageWindow   - Closing main window
11:45:25.341 [JavaFX Application Thread] DEBUG Logger               - Closing Logger
