11:35:52.342 [com.WorkshopJava.app.Main] DEBUG Logger               - Configured Logger
11:35:52.356 [com.WorkshopJava.app.Main] DEBUG GameApplication      - Logging settings
Title: WorkshopJava
Version: 0.0
Width: 1920
Height: 1080
Fullscreen: false
Intro: false
Profiling: false
Single step:false
App Mode: DEVELOPER
Menu Key: ESCAPE
Stage Style: DECORATED
Scene Factory: class com.almasb.fxgl.app.scene.SceneFactory

11:35:52.556 [JavaFX Application Thread] DEBUG FXGLApplication      - Initializing FXGL
11:35:52.560 [JavaFX Application Thread] INFO  Engine               - FXGL-17.2 (20.08.2022 16.50) on LINUX (J:17.0.6 FX:18)
11:35:52.560 [JavaFX Application Thread] DEBUG Engine               - JRE Vendor Name: Red Hat, Inc.
11:35:52.561 [JavaFX Application Thread] DEBUG Engine               - Running on OS: Linux version 6.2.9-100.fc36.x86_64
11:35:52.561 [JavaFX Application Thread] DEBUG Engine               - Architecture: amd64
11:35:52.561 [JavaFX Application Thread] INFO  Engine               - Source code and latest versions at: https://github.com/AlmasB/FXGL
11:35:52.561 [JavaFX Application Thread] INFO  Engine               -       Ask questions and discuss at: https://github.com/AlmasB/FXGL/discussions
11:35:52.561 [JavaFX Application Thread] INFO  Engine               -              Join the FXGL chat at: https://gitter.im/AlmasB/FXGL
11:35:52.639 [JavaFX Application Thread] DEBUG PrimaryStageWindow   - Creating a JavaFX scene
11:35:52.639 [JavaFX Application Thread] DEBUG PrimaryStageWindow   - Target size > screen size
11:35:52.722 [JavaFX Application Thread] DEBUG PrimaryStageWindow   - Target settings size: 1920.0 x 1080.0
11:35:52.722 [JavaFX Application Thread] DEBUG PrimaryStageWindow   - Scaled scene size:    1816.0 x 1035.0
11:35:52.723 [JavaFX Application Thread] DEBUG PrimaryStageWindow   - Scaled ratio: (0.9458333333333333, 0.9583333333333334)
11:35:52.724 [JavaFX Application Thread] DEBUG PrimaryStageWindow   - Set initial scene to FXGLStartupScene
11:35:52.733 [JavaFX Application Thread] DEBUG PrimaryStageWindow   - Opening main window
11:35:52.805 [JavaFX Application Thread] DEBUG PrimaryStageWindow   - Window border size: (2.0, 29.0)
11:35:52.806 [JavaFX Application Thread] DEBUG PrimaryStageWindow   - Scaled size: 1816.0 x 1035.0
11:35:52.806 [JavaFX Application Thread] DEBUG PrimaryStageWindow   - Scaled ratio: (0.9458333333333333, 0.9583333333333334)
11:35:52.806 [JavaFX Application Thread] DEBUG PrimaryStageWindow   - Scene size: 1816.0 x 1035.0
11:35:52.806 [JavaFX Application Thread] DEBUG PrimaryStageWindow   - Stage size: 1818.0 x 1064.0
11:35:52.811 [FXGL Background Thread 1 ] DEBUG Engine               - Initializing environment variables
11:35:52.827 [FXGL Background Thread 1 ] DEBUG FXGLAssetLoaderServi - User app class for loading assets: class com.WorkshopJava.app.App
11:35:52.828 [FXGL Background Thread 1 ] DEBUG GameApplicationServi - Applying CSS: fxgl_dark.css
11:35:52.828 [FXGL Background Thread 1 ] DEBUG FXGLAssetLoaderServi - Loading from file system: jar:file:/home/Florian/.m2/repository/com/github/almasb/fxgl/17.2/fxgl-17.2.jar!/fxglassets/ui/css/fxgl_dark.css
11:35:52.872 [FXGL Background Thread 1 ] DEBUG GameApplicationServi - Initializing application scenes
11:35:52.912 [FXGL Background Thread 1 ] DEBUG GameWorld            - Game world initialized
11:35:52.946 [FXGL Background Thread 1 ] DEBUG PhysicsWorld         - Physics world initialized: appHeight=1080, physics.ppm=50,0
11:35:52.946 [FXGL Background Thread 1 ] DEBUG PhysicsWorld         - Using strategy: BRUTE_FORCE
11:35:52.949 [FXGL Background Thread 1 ] DEBUG GameScene            - Game scene initialized: 1920x1080
11:35:52.958 [FXGL Background Thread 1 ] DEBUG FXGL.DefaultMenu     - createMenuBodyGameMenu()
11:35:52.970 [FXGL Background Thread 1 ] DEBUG FXGL.DefaultMenu     - createOptionsMenu()
11:35:52.979 [FXGL Background Thread 1 ] DEBUG FXGLAssetLoaderServi - Loading from file system: jar:file:/home/Florian/.m2/repository/com/github/almasb/fxgl/17.2/fxgl-17.2.jar!/fxglassets/textures/particles/smoke.png
11:35:53.050 [FXGL Background Thread 1 ] DEBUG FXGLAssetLoaderServi - Loading from file system: jar:file:/home/Florian/.m2/repository/com/github/almasb/fxgl/17.2/fxgl-17.2.jar!/fxglassets/textures/particles/trace_horizontal.png
11:35:53.076 [FXGL Background Thread 1 ] DEBUG GameApplicationServi - Application scenes initialized
11:35:53.085 [FXGL Background Thread 1 ] DEBUG SystemBundleService  - Loading FXGL system data
11:35:53.087 [FXGL Background Thread 1 ] DEBUG FileSystemAccess     - Reading from: /home/Florian/Documents/tek2/experimentation/ws/Workshop_Java_FXGL/WorkshopJava-app/system/fxgl.bundle
11:35:53.091 [FXGL Background Thread 1 ] DEBUG SystemBundleService  - Bundle FXGL: {}
11:35:53.091 [FXGL Background Thread 1 ] DEBUG UpdaterService       - Checking for updates
11:35:53.093 [FXGL Background Thread 4 ] DEBUG FXGLApplication      - Loading fonts
11:35:53.094 [FXGL Background Thread 1 ] DEBUG FXGLApplication      - Loading default localization
11:35:53.094 [FXGL Background Thread 4 ] DEBUG FXGLAssetLoaderServi - Loading from file system: jar:file:/home/Florian/.m2/repository/com/github/almasb/fxgl/17.2/fxgl-17.2.jar!/fxglassets/ui/fonts/VarelaRound-Regular.ttf
11:35:53.094 [FXGL Background Thread 1 ] DEBUG FXGLAssetLoaderServi - Loading from file system: jar:file:/home/Florian/.m2/repository/com/github/almasb/fxgl/17.2/fxgl-17.2.jar!/fxglassets/languages/english.lang
11:35:53.100 [FXGL Background Thread 4 ] DEBUG FXGLAssetLoaderServi - Loading from file system: jar:file:/home/Florian/.m2/repository/com/github/almasb/fxgl/17.2/fxgl-17.2.jar!/fxglassets/ui/fonts/Abel-Regular.ttf
11:35:53.101 [FXGL Background Thread 4 ] DEBUG FXGLAssetLoaderServi - Loading from file system: jar:file:/home/Florian/.m2/repository/com/github/almasb/fxgl/17.2/fxgl-17.2.jar!/fxglassets/ui/fonts/TerminalLandMono-Regular.otf
11:35:53.102 [FXGL Background Thread 1 ] INFO  FXGLApplication      - FXGL initialization took: 0,291 sec
11:35:53.103 [FXGL Background Thread 4 ] DEBUG FXGLAssetLoaderServi - Loading from file system: jar:file:/home/Florian/.m2/repository/com/github/almasb/fxgl/17.2/fxgl-17.2.jar!/fxglassets/ui/fonts/Courier-Prime.ttf
11:35:53.112 [JavaFX Application Thread] DEBUG Input                - Registered new binding: action0 - Down
11:35:53.112 [JavaFX Application Thread] DEBUG Input                - Registered new binding: action1 - Up
11:35:53.112 [JavaFX Application Thread] DEBUG Input                - Registered new binding: action2 - Right
11:35:53.113 [JavaFX Application Thread] DEBUG Input                - Registered new binding: action3 - Left
11:35:53.113 [JavaFX Application Thread] DEBUG FXGLAssetLoaderServi - Loading from file system: jar:file:/home/Florian/.m2/repository/com/github/almasb/fxgl/17.2/fxgl-17.2.jar!/fxglassets/textures/fxgl_icon.png
11:35:53.133 [JavaFX Application Thread] DEBUG FXGLAssetLoaderServi - Loading from file system: jar:file:/home/Florian/.m2/repository/com/github/almasb/fxgl/17.2/fxgl-17.2.jar!/fxglassets/textures/fxgl_default_cursor.png
11:35:53.134 [JavaFX Application Thread] DEBUG Input                - Registered new binding: Screenshot - CTRL+8
11:35:53.135 [JavaFX Application Thread] DEBUG Input                - Registered new binding: System info dump - CTRL+9
11:35:53.135 [JavaFX Application Thread] DEBUG Input                - Registered new binding: Restart - CTRL+R
11:35:53.135 [JavaFX Application Thread] DEBUG Input                - Registered new binding: Toggle Debug Camera - CTRL+7
11:35:53.136 [JavaFX Application Thread] DEBUG LoopRunner           - Starting loop
11:35:53.137 [JavaFX Application Thread] DEBUG LoopRunner           - Initializing JavaFX AnimationTimerLoop
11:35:53.138 [JavaFX Application Thread] DEBUG GameApplicationServi - Starting new game
11:35:53.138 [JavaFX Application Thread] DEBUG Input                - Clearing active input actions
11:35:53.145 [JavaFX Application Thread] DEBUG GameApplicationServi - Removing overlay from FXGLStartupScene and adding to FXGLLoadingScene
11:35:53.146 [JavaFX Application Thread] DEBUG PrimaryStageWindow   - FXGLStartupScene -> FXGLLoadingScene
11:35:53.146 [JavaFX Application Thread] DEBUG GameApplicationServi - Clearing previous game
11:35:53.146 [JavaFX Application Thread] DEBUG GameScene            - Clearing game scene
11:35:53.146 [JavaFX Application Thread] DEBUG GameWorld            - Clearing game world
11:35:53.146 [JavaFX Application Thread] DEBUG PhysicsWorld         - Clearing physics world
11:35:53.147 [JavaFX Application Thread] DEBUG FXGLApplication      - Registering font factories with UI factory
11:35:53.147 [FXGL Background Thread 4 ] DEBUG FXGLApplication      - Initializing game
11:35:53.151 [FXGL Background Thread 4 ] WARN  FXGLAssetLoaderServi - Asset "/assets/textures/assets/textures/thrall.webp" was not found!
11:35:53.152 [FXGL Background Thread 4 ] WARN  FXGLAssetLoaderServi - Failed to load IMAGE
11:35:54.082 [FXGL Background Thread 2 ] INFO  UpdaterService       - Your current version:  17.2
11:35:54.082 [FXGL Background Thread 2 ] INFO  UpdaterService       - Latest stable version: 17.3
11:35:56.093 [FXGL Background Thread 3 ] DEBUG Engine               - Logging environment variables
11:35:56.094 [FXGL Background Thread 3 ] DEBUG Engine               - achievements: []
11:35:56.095 [FXGL Background Thread 3 ] DEBUG Engine               - actualHeight: 1006.0
11:35:56.095 [FXGL Background Thread 3 ] DEBUG Engine               - actualHeightProperty: ReadOnlyDoubleProperty [value: 1007.0]
11:35:56.095 [FXGL Background Thread 3 ] DEBUG Engine               - actualWidth: 1814.0
11:35:56.096 [FXGL Background Thread 3 ] DEBUG Engine               - actualWidthProperty: ReadOnlyDoubleProperty [value: 1814.0]
11:35:56.096 [FXGL Background Thread 3 ] DEBUG Engine               - appIcon: fxgl_icon.png
11:35:56.096 [FXGL Background Thread 3 ] DEBUG Engine               - applicationMode: DEVELOPER
11:35:56.096 [FXGL Background Thread 3 ] DEBUG Engine               - cSSList: [fxgl_dark.css]
11:35:56.097 [FXGL Background Thread 3 ] DEBUG Engine               - collisionDetectionStrategy: BRUTE_FORCE
11:35:56.097 [FXGL Background Thread 3 ] DEBUG Engine               - configClass: Optional.empty
11:35:56.097 [FXGL Background Thread 3 ] DEBUG Engine               - credits: []
11:35:56.098 [FXGL Background Thread 3 ] DEBUG Engine               - defaultCursor: CursorInfo(imageName=fxgl_default_cursor.png, hotspotX=7.0, hotspotY=6.0)
11:35:56.099 [FXGL Background Thread 3 ] DEBUG Engine               - devBBoxColorProperty: ObjectProperty [value: 0xff0000ff]
11:35:56.099 [FXGL Background Thread 3 ] DEBUG Engine               - devEnableDebugCameraProperty: BooleanProperty [value: false]
11:35:56.100 [FXGL Background Thread 3 ] DEBUG Engine               - devSensorColorProperty: ObjectProperty [value: 0xffff00ff]
11:35:56.100 [FXGL Background Thread 3 ] DEBUG Engine               - devShowBBoxProperty: BooleanProperty [value: false]
11:35:56.100 [FXGL Background Thread 3 ] DEBUG Engine               - devShowPositionProperty: BooleanProperty [value: false]
11:35:56.100 [FXGL Background Thread 3 ] DEBUG Engine               - enabledMenuItems: []
11:35:56.101 [FXGL Background Thread 3 ] DEBUG Engine               - engineServices: [class com.almasb.fxgl.app.services.FXGLAssetLoaderService, class com.almasb.fxgl.app.FXGLApplication$GameApplicationService, class com.almasb.fxgl.app.services.FXGLDialogService, class com.almasb.fxgl.app.services.IOTaskExecutorService, class com.almasb.fxgl.io.FileSystemService, class com.almasb.fxgl.localization.LocalizationService, class com.almasb.fxgl.app.services.SystemBundleService, class com.almasb.fxgl.profile.SaveLoadService, class com.almasb.fxgl.ui.FXGLUIFactoryServiceProvider, class com.almasb.fxgl.ui.FXGLDialogFactoryServiceProvider, class com.almasb.fxgl.audio.AudioPlayer, class com.almasb.fxgl.notification.impl.NotificationServiceProvider, class com.almasb.fxgl.achievement.AchievementService, class com.almasb.fxgl.cutscene.CutsceneService, class com.almasb.fxgl.minigames.MiniGameService, class com.almasb.fxgl.net.NetService, class com.almasb.fxgl.app.services.UpdaterService, class com.almasb.fxgl.dev.DevService]
11:35:56.101 [FXGL Background Thread 3 ] DEBUG Engine               - fontGame: Abel-Regular.ttf
11:35:56.101 [FXGL Background Thread 3 ] DEBUG Engine               - fontMono: TerminalLandMono-Regular.otf
11:35:56.101 [FXGL Background Thread 3 ] DEBUG Engine               - fontText: Courier-Prime.ttf
11:35:56.102 [FXGL Background Thread 3 ] DEBUG Engine               - fontUI: VarelaRound-Regular.ttf
11:35:56.102 [FXGL Background Thread 3 ] DEBUG Engine               - fullScreen: BooleanProperty [value: false]
11:35:56.102 [FXGL Background Thread 3 ] DEBUG Engine               - gameDifficulty: MEDIUM
11:35:56.102 [FXGL Background Thread 3 ] DEBUG Engine               - gameDifficultyProperty: ObjectProperty [value: MEDIUM]
11:35:56.103 [FXGL Background Thread 3 ] DEBUG Engine               - globalMusicVolume: 0.5
11:35:56.103 [FXGL Background Thread 3 ] DEBUG Engine               - globalMusicVolumeProperty: DoubleProperty [value: 0.5]
11:35:56.103 [FXGL Background Thread 3 ] DEBUG Engine               - globalSoundVolume: 0.5
11:35:56.104 [FXGL Background Thread 3 ] DEBUG Engine               - globalSoundVolumeProperty: DoubleProperty [value: 0.5]
11:35:56.104 [FXGL Background Thread 3 ] DEBUG Engine               - height: 1080
11:35:56.104 [FXGL Background Thread 3 ] DEBUG Engine               - is3D: false
11:35:56.104 [FXGL Background Thread 3 ] DEBUG Engine               - isAndroid: false
11:35:56.105 [FXGL Background Thread 3 ] DEBUG Engine               - isBrowser: false
11:35:56.105 [FXGL Background Thread 3 ] DEBUG Engine               - isClickFeedbackEnabled: false
11:35:56.105 [FXGL Background Thread 3 ] DEBUG Engine               - isCloseConfirmation: false
11:35:56.105 [FXGL Background Thread 3 ] DEBUG Engine               - isDesktop: true
11:35:56.106 [FXGL Background Thread 3 ] DEBUG Engine               - isDeveloperMenuEnabled: false
11:35:56.106 [FXGL Background Thread 3 ] DEBUG Engine               - isEmbedded: false
11:35:56.106 [FXGL Background Thread 3 ] DEBUG Engine               - isEntityPreloadEnabled: true
11:35:56.106 [FXGL Background Thread 3 ] DEBUG Engine               - isExperimentalTiledLargeMap: false
11:35:56.107 [FXGL Background Thread 3 ] DEBUG Engine               - isFileSystemWriteAllowed: true
11:35:56.107 [FXGL Background Thread 3 ] DEBUG Engine               - isFullScreenAllowed: false
11:35:56.107 [FXGL Background Thread 3 ] DEBUG Engine               - isFullScreenFromStart: false
11:35:56.107 [FXGL Background Thread 3 ] DEBUG Engine               - isGameMenuEnabled: true
11:35:56.108 [FXGL Background Thread 3 ] DEBUG Engine               - isIOS: false
11:35:56.108 [FXGL Background Thread 3 ] DEBUG Engine               - isIntroEnabled: false
11:35:56.108 [FXGL Background Thread 3 ] DEBUG Engine               - isLinux: true
11:35:56.108 [FXGL Background Thread 3 ] DEBUG Engine               - isMac: false
11:35:56.108 [FXGL Background Thread 3 ] DEBUG Engine               - isMainMenuEnabled: false
11:35:56.109 [FXGL Background Thread 3 ] DEBUG Engine               - isManualResizeEnabled: false
11:35:56.109 [FXGL Background Thread 3 ] DEBUG Engine               - isMobile: false
11:35:56.109 [FXGL Background Thread 3 ] DEBUG Engine               - isNative: false
11:35:56.110 [FXGL Background Thread 3 ] DEBUG Engine               - isPauseMusicWhenMinimized: true
11:35:56.110 [FXGL Background Thread 3 ] DEBUG Engine               - isPreserveResizeRatio: false
11:35:56.110 [FXGL Background Thread 3 ] DEBUG Engine               - isProfilingEnabled: false
11:35:56.110 [FXGL Background Thread 3 ] DEBUG Engine               - isScaleAffectedOnResize: true
11:35:56.111 [FXGL Background Thread 3 ] DEBUG Engine               - isSingleStep: false
11:35:56.111 [FXGL Background Thread 3 ] DEBUG Engine               - isUserProfileEnabled: false
11:35:56.111 [FXGL Background Thread 3 ] DEBUG Engine               - isWindows: false
11:35:56.111 [FXGL Background Thread 3 ] DEBUG Engine               - language: ObjectProperty [value: ENGLISH]
11:35:56.111 [FXGL Background Thread 3 ] DEBUG Engine               - menuKey: ESCAPE
11:35:56.112 [FXGL Background Thread 3 ] DEBUG Engine               - mouseSensitivity: 0.2
11:35:56.112 [FXGL Background Thread 3 ] DEBUG Engine               - notificationViewClass: class com.almasb.fxgl.notification.view.XboxNotificationView
11:35:56.112 [FXGL Background Thread 3 ] DEBUG Engine               - pixelsPerMeter: 50.0
11:35:56.112 [FXGL Background Thread 3 ] DEBUG Engine               - platform: LINUX
11:35:56.113 [FXGL Background Thread 3 ] DEBUG Engine               - prefHeightProperty: ReadOnlyDoubleProperty [value: 1080.0]
11:35:56.113 [FXGL Background Thread 3 ] DEBUG Engine               - prefWidthProperty: ReadOnlyDoubleProperty [value: 1920.0]
11:35:56.113 [FXGL Background Thread 3 ] DEBUG Engine               - profileDir: profiles/
11:35:56.113 [FXGL Background Thread 3 ] DEBUG Engine               - profileName: StringProperty [value: DEFAULT]
11:35:56.114 [FXGL Background Thread 3 ] DEBUG Engine               - randomSeed: -1
11:35:56.115 [FXGL Background Thread 3 ] DEBUG Engine               - runtimeInfo: RuntimeInfo(platform=LINUX, version=17.2, build=20.08.2022 16.50)
11:35:56.115 [FXGL Background Thread 3 ] DEBUG Engine               - saveFileExt: sav
11:35:56.115 [FXGL Background Thread 3 ] DEBUG Engine               - scaledHeightProp$fxgl: DoubleProperty [bound, value: 1007.0]
11:35:56.116 [FXGL Background Thread 3 ] DEBUG Engine               - scaledWidthProp$fxgl: DoubleProperty [bound, value: 1814.0]
11:35:56.116 [FXGL Background Thread 3 ] DEBUG Engine               - sceneFactory: com.almasb.fxgl.app.scene.SceneFactory@1317499
11:35:56.116 [FXGL Background Thread 3 ] DEBUG Engine               - secondsIn24h: 60
11:35:56.116 [FXGL Background Thread 3 ] DEBUG Engine               - soundMenuBack: menu/back.wav
11:35:56.117 [FXGL Background Thread 3 ] DEBUG Engine               - soundMenuPress: menu/press.wav
11:35:56.117 [FXGL Background Thread 3 ] DEBUG Engine               - soundMenuSelect: menu/select.wav
11:35:56.117 [FXGL Background Thread 3 ] DEBUG Engine               - soundNotification: core/notification.wav
11:35:56.117 [FXGL Background Thread 3 ] DEBUG Engine               - stageStyle: DECORATED
11:35:56.117 [FXGL Background Thread 3 ] DEBUG Engine               - supportedLanguages: [ENGLISH, FRENCH, GERMAN, HUNGARIAN, RUSSIAN]
11:35:56.118 [FXGL Background Thread 3 ] DEBUG Engine               - ticksPerSecond: -1
11:35:56.118 [FXGL Background Thread 3 ] DEBUG Engine               - title: WorkshopJava
11:35:56.118 [FXGL Background Thread 3 ] DEBUG Engine               - urlGithub: https://github.com/AlmasB/FXGL
11:35:56.118 [FXGL Background Thread 3 ] DEBUG Engine               - urlLeaderboard: http://fxgl-top.herokuapp.com/
11:35:56.119 [FXGL Background Thread 3 ] DEBUG Engine               - urlPOM: https://raw.githubusercontent.com/AlmasB/FXGL/release/README.md
11:35:56.119 [FXGL Background Thread 3 ] DEBUG Engine               - userAppClass: class com.WorkshopJava.app.App
11:35:56.119 [FXGL Background Thread 3 ] DEBUG Engine               - version: 0.0
11:35:56.119 [FXGL Background Thread 3 ] DEBUG Engine               - versionCheckDays: 7
11:35:56.119 [FXGL Background Thread 3 ] DEBUG Engine               - width: 1920
11:35:56.120 [FXGL Background Thread 3 ] DEBUG Engine               - Logging services
11:35:56.120 [FXGL Background Thread 3 ] DEBUG Engine               - class com.almasb.fxgl.app.services.FXGLAssetLoaderService
11:35:56.120 [FXGL Background Thread 3 ] DEBUG Engine               - class com.almasb.fxgl.app.FXGLApplication$GameApplicationService
11:35:56.120 [FXGL Background Thread 3 ] DEBUG Engine               - class com.almasb.fxgl.app.services.FXGLDialogService
11:35:56.121 [FXGL Background Thread 3 ] DEBUG Engine               - class com.almasb.fxgl.app.services.IOTaskExecutorService
11:35:56.121 [FXGL Background Thread 3 ] DEBUG Engine               - class com.almasb.fxgl.io.FileSystemService
11:35:56.121 [FXGL Background Thread 3 ] DEBUG Engine               - class com.almasb.fxgl.localization.LocalizationService
11:35:56.121 [FXGL Background Thread 3 ] DEBUG Engine               - class com.almasb.fxgl.app.services.SystemBundleService
11:35:56.121 [FXGL Background Thread 3 ] DEBUG Engine               - class com.almasb.fxgl.profile.SaveLoadService
11:35:56.122 [FXGL Background Thread 3 ] DEBUG Engine               - class com.almasb.fxgl.ui.FXGLUIFactoryServiceProvider
11:35:56.122 [FXGL Background Thread 3 ] DEBUG Engine               - class com.almasb.fxgl.ui.FXGLDialogFactoryServiceProvider
11:35:56.122 [FXGL Background Thread 3 ] DEBUG Engine               - class com.almasb.fxgl.audio.AudioPlayer
11:35:56.122 [FXGL Background Thread 3 ] DEBUG Engine               - class com.almasb.fxgl.notification.impl.NotificationServiceProvider
11:35:56.122 [FXGL Background Thread 3 ] DEBUG Engine               - class com.almasb.fxgl.achievement.AchievementService
11:35:56.123 [FXGL Background Thread 3 ] DEBUG Engine               - class com.almasb.fxgl.cutscene.CutsceneService
11:35:56.123 [FXGL Background Thread 3 ] DEBUG Engine               - class com.almasb.fxgl.minigames.MiniGameService
11:35:56.123 [FXGL Background Thread 3 ] DEBUG Engine               - class com.almasb.fxgl.net.NetService
11:35:56.123 [FXGL Background Thread 3 ] DEBUG Engine               - class com.almasb.fxgl.app.services.UpdaterService
11:35:56.123 [FXGL Background Thread 3 ] DEBUG Engine               - class com.almasb.fxgl.dev.DevService
11:35:59.420 [JavaFX Application Thread] DEBUG FXGLApplication      - Exiting FXGL
11:35:59.421 [JavaFX Application Thread] DEBUG LoopRunner           - Stopping loop
11:35:59.421 [JavaFX Application Thread] DEBUG SystemBundleService  - Saving FXGL system data
11:35:59.428 [JavaFX Application Thread] DEBUG FileSystemAccess     - Writing to: /home/Florian/Documents/tek2/experimentation/ws/Workshop_Java_FXGL/WorkshopJava-app/system/fxgl.bundle
11:35:59.434 [JavaFX Application Thread] DEBUG Async                - Shutting down background threads
11:35:59.435 [JavaFX Application Thread] DEBUG PrimaryStageWindow   - Closing main window
11:35:59.442 [JavaFX Application Thread] DEBUG Logger               - Closing Logger
