11:43:43.350 [com.WorkshopJava.app.Main] DEBUG Logger               - Configured Logger
11:43:43.363 [com.WorkshopJava.app.Main] DEBUG GameApplication      - Logging settings
Title: WorkshopJava
Version: 0.0
Width: 1920
Height: 1080
Fullscreen: false
Intro: false
Profiling: false
Single step:false
App Mode: DEVELOPER
Menu Key: ESCAPE
Stage Style: DECORATED
Scene Factory: class com.almasb.fxgl.app.scene.SceneFactory

11:43:43.576 [JavaFX Application Thread] DEBUG FXGLApplication      - Initializing FXGL
11:43:43.581 [JavaFX Application Thread] INFO  Engine               - FXGL-17.2 (20.08.2022 16.50) on LINUX (J:17.0.6 FX:18)
11:43:43.582 [JavaFX Application Thread] DEBUG Engine               - JRE Vendor Name: Red Hat, Inc.
11:43:43.582 [JavaFX Application Thread] DEBUG Engine               - Running on OS: Linux version 6.2.9-100.fc36.x86_64
11:43:43.582 [JavaFX Application Thread] DEBUG Engine               - Architecture: amd64
11:43:43.582 [JavaFX Application Thread] INFO  Engine               - Source code and latest versions at: https://github.com/AlmasB/FXGL
11:43:43.582 [JavaFX Application Thread] INFO  Engine               -       Ask questions and discuss at: https://github.com/AlmasB/FXGL/discussions
11:43:43.583 [JavaFX Application Thread] INFO  Engine               -              Join the FXGL chat at: https://gitter.im/AlmasB/FXGL
11:43:43.666 [JavaFX Application Thread] DEBUG PrimaryStageWindow   - Creating a JavaFX scene
11:43:43.666 [JavaFX Application Thread] DEBUG PrimaryStageWindow   - Target size > screen size
11:43:43.724 [JavaFX Application Thread] DEBUG PrimaryStageWindow   - Target settings size: 1920.0 x 1080.0
11:43:43.724 [JavaFX Application Thread] DEBUG PrimaryStageWindow   - Scaled scene size:    1816.0 x 1035.0
11:43:43.724 [JavaFX Application Thread] DEBUG PrimaryStageWindow   - Scaled ratio: (0.9458333333333333, 0.9583333333333334)
11:43:43.725 [JavaFX Application Thread] DEBUG PrimaryStageWindow   - Set initial scene to FXGLStartupScene
11:43:43.730 [JavaFX Application Thread] DEBUG PrimaryStageWindow   - Opening main window
11:43:43.789 [JavaFX Application Thread] DEBUG PrimaryStageWindow   - Window border size: (2.0, 29.0)
11:43:43.789 [JavaFX Application Thread] DEBUG PrimaryStageWindow   - Scaled size: 1816.0 x 1035.0
11:43:43.790 [JavaFX Application Thread] DEBUG PrimaryStageWindow   - Scaled ratio: (0.9458333333333333, 0.9583333333333334)
11:43:43.790 [JavaFX Application Thread] DEBUG PrimaryStageWindow   - Scene size: 1816.0 x 1035.0
11:43:43.790 [JavaFX Application Thread] DEBUG PrimaryStageWindow   - Stage size: 1818.0 x 1064.0
11:43:43.795 [FXGL Background Thread 1 ] DEBUG Engine               - Initializing environment variables
11:43:43.814 [FXGL Background Thread 1 ] DEBUG FXGLAssetLoaderServi - User app class for loading assets: class com.WorkshopJava.app.App
11:43:43.814 [FXGL Background Thread 1 ] DEBUG GameApplicationServi - Applying CSS: fxgl_dark.css
11:43:43.815 [FXGL Background Thread 1 ] DEBUG FXGLAssetLoaderServi - Loading from file system: jar:file:/home/Florian/.m2/repository/com/github/almasb/fxgl/17.2/fxgl-17.2.jar!/fxglassets/ui/css/fxgl_dark.css
11:43:43.862 [FXGL Background Thread 1 ] DEBUG GameApplicationServi - Initializing application scenes
11:43:43.900 [FXGL Background Thread 1 ] DEBUG GameWorld            - Game world initialized
11:43:43.948 [FXGL Background Thread 1 ] DEBUG PhysicsWorld         - Physics world initialized: appHeight=1080, physics.ppm=50,0
11:43:43.948 [FXGL Background Thread 1 ] DEBUG PhysicsWorld         - Using strategy: BRUTE_FORCE
11:43:43.952 [FXGL Background Thread 1 ] DEBUG GameScene            - Game scene initialized: 1920x1080
11:43:43.961 [FXGL Background Thread 1 ] DEBUG FXGL.DefaultMenu     - createMenuBodyGameMenu()
11:43:43.973 [FXGL Background Thread 1 ] DEBUG FXGL.DefaultMenu     - createOptionsMenu()
11:43:43.981 [FXGL Background Thread 1 ] DEBUG FXGLAssetLoaderServi - Loading from file system: jar:file:/home/Florian/.m2/repository/com/github/almasb/fxgl/17.2/fxgl-17.2.jar!/fxglassets/textures/particles/smoke.png
11:43:44.051 [FXGL Background Thread 1 ] DEBUG FXGLAssetLoaderServi - Loading from file system: jar:file:/home/Florian/.m2/repository/com/github/almasb/fxgl/17.2/fxgl-17.2.jar!/fxglassets/textures/particles/trace_horizontal.png
11:43:44.083 [FXGL Background Thread 1 ] DEBUG GameApplicationServi - Application scenes initialized
11:43:44.091 [FXGL Background Thread 1 ] DEBUG SystemBundleService  - Loading FXGL system data
11:43:44.094 [FXGL Background Thread 1 ] DEBUG FileSystemAccess     - Reading from: /home/Florian/Documents/tek2/experimentation/ws/Workshop_Java_FXGL/WorkshopJava-app/system/fxgl.bundle
11:43:44.097 [FXGL Background Thread 1 ] DEBUG SystemBundleService  - Bundle FXGL: {}
11:43:44.097 [FXGL Background Thread 1 ] DEBUG UpdaterService       - Checking for updates
11:43:44.100 [FXGL Background Thread 4 ] DEBUG FXGLApplication      - Loading fonts
11:43:44.100 [FXGL Background Thread 4 ] DEBUG FXGLAssetLoaderServi - Loading from file system: jar:file:/home/Florian/.m2/repository/com/github/almasb/fxgl/17.2/fxgl-17.2.jar!/fxglassets/ui/fonts/VarelaRound-Regular.ttf
11:43:44.100 [FXGL Background Thread 1 ] DEBUG FXGLApplication      - Loading default localization
11:43:44.101 [FXGL Background Thread 1 ] DEBUG FXGLAssetLoaderServi - Loading from file system: jar:file:/home/Florian/.m2/repository/com/github/almasb/fxgl/17.2/fxgl-17.2.jar!/fxglassets/languages/english.lang
11:43:44.105 [FXGL Background Thread 4 ] DEBUG FXGLAssetLoaderServi - Loading from file system: jar:file:/home/Florian/.m2/repository/com/github/almasb/fxgl/17.2/fxgl-17.2.jar!/fxglassets/ui/fonts/Abel-Regular.ttf
11:43:44.106 [FXGL Background Thread 4 ] DEBUG FXGLAssetLoaderServi - Loading from file system: jar:file:/home/Florian/.m2/repository/com/github/almasb/fxgl/17.2/fxgl-17.2.jar!/fxglassets/ui/fonts/TerminalLandMono-Regular.otf
11:43:44.107 [FXGL Background Thread 4 ] DEBUG FXGLAssetLoaderServi - Loading from file system: jar:file:/home/Florian/.m2/repository/com/github/almasb/fxgl/17.2/fxgl-17.2.jar!/fxglassets/ui/fonts/Courier-Prime.ttf
11:43:44.109 [JavaFX Application Thread] DEBUG FXGLApplication      - Registering font factories with UI factory
11:43:44.111 [FXGL Background Thread 1 ] INFO  FXGLApplication      - FXGL initialization took: 0,316 sec
11:43:44.122 [JavaFX Application Thread] DEBUG Input                - Registered new binding: action0 - Down
11:43:44.123 [JavaFX Application Thread] DEBUG Input                - Registered new binding: action1 - Up
11:43:44.123 [JavaFX Application Thread] DEBUG Input                - Registered new binding: action2 - Right
11:43:44.124 [JavaFX Application Thread] DEBUG Input                - Registered new binding: action3 - Left
11:43:44.124 [JavaFX Application Thread] DEBUG FXGLAssetLoaderServi - Loading from file system: jar:file:/home/Florian/.m2/repository/com/github/almasb/fxgl/17.2/fxgl-17.2.jar!/fxglassets/textures/fxgl_icon.png
11:43:44.151 [JavaFX Application Thread] DEBUG FXGLAssetLoaderServi - Loading from file system: jar:file:/home/Florian/.m2/repository/com/github/almasb/fxgl/17.2/fxgl-17.2.jar!/fxglassets/textures/fxgl_default_cursor.png
11:43:44.153 [JavaFX Application Thread] DEBUG Input                - Registered new binding: Screenshot - CTRL+8
11:43:44.153 [JavaFX Application Thread] DEBUG Input                - Registered new binding: System info dump - CTRL+9
11:43:44.154 [JavaFX Application Thread] DEBUG Input                - Registered new binding: Restart - CTRL+R
11:43:44.154 [JavaFX Application Thread] DEBUG Input                - Registered new binding: Toggle Debug Camera - CTRL+7
11:43:44.156 [JavaFX Application Thread] DEBUG LoopRunner           - Starting loop
11:43:44.156 [JavaFX Application Thread] DEBUG LoopRunner           - Initializing JavaFX AnimationTimerLoop
11:43:44.158 [JavaFX Application Thread] DEBUG GameApplicationServi - Starting new game
11:43:44.158 [JavaFX Application Thread] DEBUG Input                - Clearing active input actions
11:43:44.170 [JavaFX Application Thread] DEBUG GameApplicationServi - Removing overlay from FXGLStartupScene and adding to FXGLLoadingScene
11:43:44.171 [JavaFX Application Thread] DEBUG PrimaryStageWindow   - FXGLStartupScene -> FXGLLoadingScene
11:43:44.171 [JavaFX Application Thread] DEBUG GameApplicationServi - Clearing previous game
11:43:44.171 [JavaFX Application Thread] DEBUG GameScene            - Clearing game scene
11:43:44.171 [JavaFX Application Thread] DEBUG GameWorld            - Clearing game world
11:43:44.171 [JavaFX Application Thread] DEBUG PhysicsWorld         - Clearing physics world
11:43:44.172 [FXGL Background Thread 1 ] DEBUG FXGLApplication      - Initializing game
11:43:44.181 [FXGL Background Thread 1 ] INFO  FXGLApplication      - Game initialization took: 0,009 sec
11:43:44.259 [JavaFX Application Thread] DEBUG Input                - Clearing active input actions
11:43:44.268 [JavaFX Application Thread] DEBUG GameApplicationServi - Removing overlay from FXGLLoadingScene and adding to GameScene
11:43:44.268 [JavaFX Application Thread] DEBUG PrimaryStageWindow   - FXGLLoadingScene -> GameScene
11:43:45.091 [FXGL Background Thread 2 ] INFO  UpdaterService       - Your current version:  17.2
11:43:45.092 [FXGL Background Thread 2 ] INFO  UpdaterService       - Latest stable version: 17.3
11:43:47.099 [FXGL Background Thread 3 ] DEBUG Engine               - Logging environment variables
11:43:47.101 [FXGL Background Thread 3 ] DEBUG Engine               - achievements: []
11:43:47.101 [FXGL Background Thread 3 ] DEBUG Engine               - actualHeight: 1006.0
11:43:47.102 [FXGL Background Thread 3 ] DEBUG Engine               - actualHeightProperty: ReadOnlyDoubleProperty [value: 1007.0]
11:43:47.102 [FXGL Background Thread 3 ] DEBUG Engine               - actualWidth: 1814.0
11:43:47.102 [FXGL Background Thread 3 ] DEBUG Engine               - actualWidthProperty: ReadOnlyDoubleProperty [value: 1814.0]
11:43:47.103 [FXGL Background Thread 3 ] DEBUG Engine               - appIcon: fxgl_icon.png
11:43:47.103 [FXGL Background Thread 3 ] DEBUG Engine               - applicationMode: DEVELOPER
11:43:47.103 [FXGL Background Thread 3 ] DEBUG Engine               - cSSList: [fxgl_dark.css]
11:43:47.103 [FXGL Background Thread 3 ] DEBUG Engine               - collisionDetectionStrategy: BRUTE_FORCE
11:43:47.104 [FXGL Background Thread 3 ] DEBUG Engine               - configClass: Optional.empty
11:43:47.104 [FXGL Background Thread 3 ] DEBUG Engine               - credits: []
11:43:47.105 [FXGL Background Thread 3 ] DEBUG Engine               - defaultCursor: CursorInfo(imageName=fxgl_default_cursor.png, hotspotX=7.0, hotspotY=6.0)
11:43:47.105 [FXGL Background Thread 3 ] DEBUG Engine               - devBBoxColorProperty: ObjectProperty [value: 0xff0000ff]
11:43:47.106 [FXGL Background Thread 3 ] DEBUG Engine               - devEnableDebugCameraProperty: BooleanProperty [value: false]
11:43:47.106 [FXGL Background Thread 3 ] DEBUG Engine               - devSensorColorProperty: ObjectProperty [value: 0xffff00ff]
11:43:47.106 [FXGL Background Thread 3 ] DEBUG Engine               - devShowBBoxProperty: BooleanProperty [value: false]
11:43:47.107 [FXGL Background Thread 3 ] DEBUG Engine               - devShowPositionProperty: BooleanProperty [value: false]
11:43:47.107 [FXGL Background Thread 3 ] DEBUG Engine               - enabledMenuItems: []
11:43:47.107 [FXGL Background Thread 3 ] DEBUG Engine               - engineServices: [class com.almasb.fxgl.app.services.FXGLAssetLoaderService, class com.almasb.fxgl.app.FXGLApplication$GameApplicationService, class com.almasb.fxgl.app.services.FXGLDialogService, class com.almasb.fxgl.app.services.IOTaskExecutorService, class com.almasb.fxgl.io.FileSystemService, class com.almasb.fxgl.localization.LocalizationService, class com.almasb.fxgl.app.services.SystemBundleService, class com.almasb.fxgl.profile.SaveLoadService, class com.almasb.fxgl.ui.FXGLUIFactoryServiceProvider, class com.almasb.fxgl.ui.FXGLDialogFactoryServiceProvider, class com.almasb.fxgl.audio.AudioPlayer, class com.almasb.fxgl.notification.impl.NotificationServiceProvider, class com.almasb.fxgl.achievement.AchievementService, class com.almasb.fxgl.cutscene.CutsceneService, class com.almasb.fxgl.minigames.MiniGameService, class com.almasb.fxgl.net.NetService, class com.almasb.fxgl.app.services.UpdaterService, class com.almasb.fxgl.dev.DevService]
11:43:47.107 [FXGL Background Thread 3 ] DEBUG Engine               - fontGame: Abel-Regular.ttf
11:43:47.108 [FXGL Background Thread 3 ] DEBUG Engine               - fontMono: TerminalLandMono-Regular.otf
11:43:47.108 [FXGL Background Thread 3 ] DEBUG Engine               - fontText: Courier-Prime.ttf
11:43:47.108 [FXGL Background Thread 3 ] DEBUG Engine               - fontUI: VarelaRound-Regular.ttf
11:43:47.108 [FXGL Background Thread 3 ] DEBUG Engine               - fullScreen: BooleanProperty [value: false]
11:43:47.109 [FXGL Background Thread 3 ] DEBUG Engine               - gameDifficulty: MEDIUM
11:43:47.109 [FXGL Background Thread 3 ] DEBUG Engine               - gameDifficultyProperty: ObjectProperty [value: MEDIUM]
11:43:47.109 [FXGL Background Thread 3 ] DEBUG Engine               - globalMusicVolume: 0.5
11:43:47.110 [FXGL Background Thread 3 ] DEBUG Engine               - globalMusicVolumeProperty: DoubleProperty [value: 0.5]
11:43:47.110 [FXGL Background Thread 3 ] DEBUG Engine               - globalSoundVolume: 0.5
11:43:47.110 [FXGL Background Thread 3 ] DEBUG Engine               - globalSoundVolumeProperty: DoubleProperty [value: 0.5]
11:43:47.110 [FXGL Background Thread 3 ] DEBUG Engine               - height: 1080
11:43:47.111 [FXGL Background Thread 3 ] DEBUG Engine               - is3D: false
11:43:47.111 [FXGL Background Thread 3 ] DEBUG Engine               - isAndroid: false
11:43:47.111 [FXGL Background Thread 3 ] DEBUG Engine               - isBrowser: false
11:43:47.111 [FXGL Background Thread 3 ] DEBUG Engine               - isClickFeedbackEnabled: false
11:43:47.111 [FXGL Background Thread 3 ] DEBUG Engine               - isCloseConfirmation: false
11:43:47.112 [FXGL Background Thread 3 ] DEBUG Engine               - isDesktop: true
11:43:47.112 [FXGL Background Thread 3 ] DEBUG Engine               - isDeveloperMenuEnabled: false
11:43:47.112 [FXGL Background Thread 3 ] DEBUG Engine               - isEmbedded: false
11:43:47.112 [FXGL Background Thread 3 ] DEBUG Engine               - isEntityPreloadEnabled: true
11:43:47.113 [FXGL Background Thread 3 ] DEBUG Engine               - isExperimentalTiledLargeMap: false
11:43:47.113 [FXGL Background Thread 3 ] DEBUG Engine               - isFileSystemWriteAllowed: true
11:43:47.113 [FXGL Background Thread 3 ] DEBUG Engine               - isFullScreenAllowed: false
11:43:47.113 [FXGL Background Thread 3 ] DEBUG Engine               - isFullScreenFromStart: false
11:43:47.114 [FXGL Background Thread 3 ] DEBUG Engine               - isGameMenuEnabled: true
11:43:47.114 [FXGL Background Thread 3 ] DEBUG Engine               - isIOS: false
11:43:47.114 [FXGL Background Thread 3 ] DEBUG Engine               - isIntroEnabled: false
11:43:47.114 [FXGL Background Thread 3 ] DEBUG Engine               - isLinux: true
11:43:47.115 [FXGL Background Thread 3 ] DEBUG Engine               - isMac: false
11:43:47.115 [FXGL Background Thread 3 ] DEBUG Engine               - isMainMenuEnabled: false
11:43:47.115 [FXGL Background Thread 3 ] DEBUG Engine               - isManualResizeEnabled: false
11:43:47.116 [FXGL Background Thread 3 ] DEBUG Engine               - isMobile: false
11:43:47.116 [FXGL Background Thread 3 ] DEBUG Engine               - isNative: false
11:43:47.116 [FXGL Background Thread 3 ] DEBUG Engine               - isPauseMusicWhenMinimized: true
11:43:47.116 [FXGL Background Thread 3 ] DEBUG Engine               - isPreserveResizeRatio: false
11:43:47.117 [FXGL Background Thread 3 ] DEBUG Engine               - isProfilingEnabled: false
11:43:47.117 [FXGL Background Thread 3 ] DEBUG Engine               - isScaleAffectedOnResize: true
11:43:47.117 [FXGL Background Thread 3 ] DEBUG Engine               - isSingleStep: false
11:43:47.117 [FXGL Background Thread 3 ] DEBUG Engine               - isUserProfileEnabled: false
11:43:47.117 [FXGL Background Thread 3 ] DEBUG Engine               - isWindows: false
11:43:47.118 [FXGL Background Thread 3 ] DEBUG Engine               - language: ObjectProperty [value: ENGLISH]
11:43:47.118 [FXGL Background Thread 3 ] DEBUG Engine               - menuKey: ESCAPE
11:43:47.118 [FXGL Background Thread 3 ] DEBUG Engine               - mouseSensitivity: 0.2
11:43:47.118 [FXGL Background Thread 3 ] DEBUG Engine               - notificationViewClass: class com.almasb.fxgl.notification.view.XboxNotificationView
11:43:47.119 [FXGL Background Thread 3 ] DEBUG Engine               - pixelsPerMeter: 50.0
11:43:47.119 [FXGL Background Thread 3 ] DEBUG Engine               - platform: LINUX
11:43:47.119 [FXGL Background Thread 3 ] DEBUG Engine               - prefHeightProperty: ReadOnlyDoubleProperty [value: 1080.0]
11:43:47.119 [FXGL Background Thread 3 ] DEBUG Engine               - prefWidthProperty: ReadOnlyDoubleProperty [value: 1920.0]
11:43:47.120 [FXGL Background Thread 3 ] DEBUG Engine               - profileDir: profiles/
11:43:47.120 [FXGL Background Thread 3 ] DEBUG Engine               - profileName: StringProperty [value: DEFAULT]
11:43:47.120 [FXGL Background Thread 3 ] DEBUG Engine               - randomSeed: -1
11:43:47.121 [FXGL Background Thread 3 ] DEBUG Engine               - runtimeInfo: RuntimeInfo(platform=LINUX, version=17.2, build=20.08.2022 16.50)
11:43:47.121 [FXGL Background Thread 3 ] DEBUG Engine               - saveFileExt: sav
11:43:47.122 [FXGL Background Thread 3 ] DEBUG Engine               - scaledHeightProp$fxgl: DoubleProperty [bound, value: 1007.0]
11:43:47.122 [FXGL Background Thread 3 ] DEBUG Engine               - scaledWidthProp$fxgl: DoubleProperty [bound, value: 1814.0]
11:43:47.122 [FXGL Background Thread 3 ] DEBUG Engine               - sceneFactory: com.almasb.fxgl.app.scene.SceneFactory@b44bd4f
11:43:47.122 [FXGL Background Thread 3 ] DEBUG Engine               - secondsIn24h: 60
11:43:47.123 [FXGL Background Thread 3 ] DEBUG Engine               - soundMenuBack: menu/back.wav
11:43:47.123 [FXGL Background Thread 3 ] DEBUG Engine               - soundMenuPress: menu/press.wav
11:43:47.123 [FXGL Background Thread 3 ] DEBUG Engine               - soundMenuSelect: menu/select.wav
11:43:47.123 [FXGL Background Thread 3 ] DEBUG Engine               - soundNotification: core/notification.wav
11:43:47.123 [FXGL Background Thread 3 ] DEBUG Engine               - stageStyle: DECORATED
11:43:47.124 [FXGL Background Thread 3 ] DEBUG Engine               - supportedLanguages: [ENGLISH, FRENCH, GERMAN, HUNGARIAN, RUSSIAN]
11:43:47.124 [FXGL Background Thread 3 ] DEBUG Engine               - ticksPerSecond: -1
11:43:47.124 [FXGL Background Thread 3 ] DEBUG Engine               - title: WorkshopJava
11:43:47.124 [FXGL Background Thread 3 ] DEBUG Engine               - urlGithub: https://github.com/AlmasB/FXGL
11:43:47.124 [FXGL Background Thread 3 ] DEBUG Engine               - urlLeaderboard: http://fxgl-top.herokuapp.com/
11:43:47.125 [FXGL Background Thread 3 ] DEBUG Engine               - urlPOM: https://raw.githubusercontent.com/AlmasB/FXGL/release/README.md
11:43:47.125 [FXGL Background Thread 3 ] DEBUG Engine               - userAppClass: class com.WorkshopJava.app.App
11:43:47.125 [FXGL Background Thread 3 ] DEBUG Engine               - version: 0.0
11:43:47.125 [FXGL Background Thread 3 ] DEBUG Engine               - versionCheckDays: 7
11:43:47.126 [FXGL Background Thread 3 ] DEBUG Engine               - width: 1920
11:43:47.126 [FXGL Background Thread 3 ] DEBUG Engine               - Logging services
11:43:47.126 [FXGL Background Thread 3 ] DEBUG Engine               - class com.almasb.fxgl.app.services.FXGLAssetLoaderService
11:43:47.127 [FXGL Background Thread 3 ] DEBUG Engine               - class com.almasb.fxgl.app.FXGLApplication$GameApplicationService
11:43:47.127 [FXGL Background Thread 3 ] DEBUG Engine               - class com.almasb.fxgl.app.services.FXGLDialogService
11:43:47.127 [FXGL Background Thread 3 ] DEBUG Engine               - class com.almasb.fxgl.app.services.IOTaskExecutorService
11:43:47.127 [FXGL Background Thread 3 ] DEBUG Engine               - class com.almasb.fxgl.io.FileSystemService
11:43:47.127 [FXGL Background Thread 3 ] DEBUG Engine               - class com.almasb.fxgl.localization.LocalizationService
11:43:47.127 [FXGL Background Thread 3 ] DEBUG Engine               - class com.almasb.fxgl.app.services.SystemBundleService
11:43:47.128 [FXGL Background Thread 3 ] DEBUG Engine               - class com.almasb.fxgl.profile.SaveLoadService
11:43:47.128 [FXGL Background Thread 3 ] DEBUG Engine               - class com.almasb.fxgl.ui.FXGLUIFactoryServiceProvider
11:43:47.128 [FXGL Background Thread 3 ] DEBUG Engine               - class com.almasb.fxgl.ui.FXGLDialogFactoryServiceProvider
11:43:47.128 [FXGL Background Thread 3 ] DEBUG Engine               - class com.almasb.fxgl.audio.AudioPlayer
11:43:47.128 [FXGL Background Thread 3 ] DEBUG Engine               - class com.almasb.fxgl.notification.impl.NotificationServiceProvider
11:43:47.129 [FXGL Background Thread 3 ] DEBUG Engine               - class com.almasb.fxgl.achievement.AchievementService
11:43:47.129 [FXGL Background Thread 3 ] DEBUG Engine               - class com.almasb.fxgl.cutscene.CutsceneService
11:43:47.129 [FXGL Background Thread 3 ] DEBUG Engine               - class com.almasb.fxgl.minigames.MiniGameService
11:43:47.129 [FXGL Background Thread 3 ] DEBUG Engine               - class com.almasb.fxgl.net.NetService
11:43:47.129 [FXGL Background Thread 3 ] DEBUG Engine               - class com.almasb.fxgl.app.services.UpdaterService
11:43:47.129 [FXGL Background Thread 3 ] DEBUG Engine               - class com.almasb.fxgl.dev.DevService
11:44:05.725 [JavaFX Application Thread] DEBUG PrimaryStageWindow   - Push state: FXGLDefaultMenu
11:44:05.735 [JavaFX Application Thread] DEBUG Input                - Clearing active input actions
11:44:05.750 [JavaFX Application Thread] DEBUG GameApplicationServi - Removing overlay from GameScene and adding to FXGLDefaultMenu
11:44:05.751 [JavaFX Application Thread] DEBUG PrimaryStageWindow   - GameScene -> FXGLDefaultMenu
11:44:16.596 [JavaFX Application Thread] DEBUG FXGL.DefaultMenu     - createContentControls()
11:44:21.069 [JavaFX Application Thread] DEBUG PrimaryStageWindow   - Push state: PressAnyKeyState
11:44:21.070 [JavaFX Application Thread] DEBUG Input                - Clearing active input actions
11:44:21.070 [JavaFX Application Thread] DEBUG GameApplicationServi - Removing overlay from FXGLDefaultMenu and adding to PressAnyKeyState
11:44:21.071 [JavaFX Application Thread] DEBUG PrimaryStageWindow   - FXGLDefaultMenu -> PressAnyKeyState
11:44:23.066 [JavaFX Application Thread] DEBUG PrimaryStageWindow   - Pop state: PressAnyKeyState
11:44:23.066 [JavaFX Application Thread] DEBUG Input                - Clearing active input actions
11:44:23.066 [JavaFX Application Thread] DEBUG GameApplicationServi - Removing overlay from PressAnyKeyState and adding to FXGLDefaultMenu
11:44:23.067 [JavaFX Application Thread] DEBUG PrimaryStageWindow   - FXGLDefaultMenu <- PressAnyKeyState
11:44:23.226 [JavaFX Application Thread] DEBUG PrimaryStageWindow   - Push state: PressAnyKeyState
11:44:23.226 [JavaFX Application Thread] DEBUG Input                - Clearing active input actions
11:44:23.227 [JavaFX Application Thread] DEBUG GameApplicationServi - Removing overlay from FXGLDefaultMenu and adding to PressAnyKeyState
11:44:23.227 [JavaFX Application Thread] DEBUG PrimaryStageWindow   - FXGLDefaultMenu -> PressAnyKeyState
11:44:25.115 [JavaFX Application Thread] DEBUG PrimaryStageWindow   - Pop state: PressAnyKeyState
11:44:25.115 [JavaFX Application Thread] DEBUG Input                - Clearing active input actions
11:44:25.116 [JavaFX Application Thread] DEBUG GameApplicationServi - Removing overlay from PressAnyKeyState and adding to FXGLDefaultMenu
11:44:25.116 [JavaFX Application Thread] DEBUG PrimaryStageWindow   - FXGLDefaultMenu <- PressAnyKeyState
11:44:25.118 [JavaFX Application Thread] DEBUG PrimaryStageWindow   - Pop state: FXGLDefaultMenu
11:44:25.118 [JavaFX Application Thread] DEBUG Input                - Clearing active input actions
11:44:25.119 [JavaFX Application Thread] DEBUG GameApplicationServi - Removing overlay from FXGLDefaultMenu and adding to GameScene
11:44:25.119 [JavaFX Application Thread] DEBUG PrimaryStageWindow   - GameScene <- FXGLDefaultMenu
11:44:33.893 [JavaFX Application Thread] DEBUG FXGLApplication      - Exiting FXGL
11:44:33.894 [JavaFX Application Thread] DEBUG LoopRunner           - Stopping loop
11:44:33.895 [JavaFX Application Thread] DEBUG SystemBundleService  - Saving FXGL system data
11:44:33.899 [JavaFX Application Thread] DEBUG FileSystemAccess     - Writing to: /home/Florian/Documents/tek2/experimentation/ws/Workshop_Java_FXGL/WorkshopJava-app/system/fxgl.bundle
11:44:33.903 [JavaFX Application Thread] DEBUG Async                - Shutting down background threads
11:44:33.904 [JavaFX Application Thread] DEBUG PrimaryStageWindow   - Closing main window
11:44:33.909 [JavaFX Application Thread] DEBUG Logger               - Closing Logger
