11:40:17.182 [com.WorkshopJava.app.Main] DEBUG Logger               - Configured Logger
11:40:17.197 [com.WorkshopJava.app.Main] DEBUG GameApplication      - Logging settings
Title: WorkshopJava
Version: 0.0
Width: 1920
Height: 1080
Fullscreen: false
Intro: false
Profiling: false
Single step:false
App Mode: DEVELOPER
Menu Key: ESCAPE
Stage Style: DECORATED
Scene Factory: class com.almasb.fxgl.app.scene.SceneFactory

11:40:17.380 [JavaFX Application Thread] DEBUG FXGLApplication      - Initializing FXGL
11:40:17.383 [JavaFX Application Thread] INFO  Engine               - FXGL-17.2 (20.08.2022 16.50) on LINUX (J:17.0.6 FX:18)
11:40:17.383 [JavaFX Application Thread] DEBUG Engine               - JRE Vendor Name: Red Hat, Inc.
11:40:17.383 [JavaFX Application Thread] DEBUG Engine               - Running on OS: Linux version 6.2.9-100.fc36.x86_64
11:40:17.383 [JavaFX Application Thread] DEBUG Engine               - Architecture: amd64
11:40:17.383 [JavaFX Application Thread] INFO  Engine               - Source code and latest versions at: https://github.com/AlmasB/FXGL
11:40:17.383 [JavaFX Application Thread] INFO  Engine               -       Ask questions and discuss at: https://github.com/AlmasB/FXGL/discussions
11:40:17.384 [JavaFX Application Thread] INFO  Engine               -              Join the FXGL chat at: https://gitter.im/AlmasB/FXGL
11:40:17.457 [JavaFX Application Thread] DEBUG PrimaryStageWindow   - Creating a JavaFX scene
11:40:17.457 [JavaFX Application Thread] DEBUG PrimaryStageWindow   - Target size > screen size
11:40:17.514 [JavaFX Application Thread] DEBUG PrimaryStageWindow   - Target settings size: 1920.0 x 1080.0
11:40:17.514 [JavaFX Application Thread] DEBUG PrimaryStageWindow   - Scaled scene size:    1816.0 x 1035.0
11:40:17.515 [JavaFX Application Thread] DEBUG PrimaryStageWindow   - Scaled ratio: (0.9458333333333333, 0.9583333333333334)
11:40:17.515 [JavaFX Application Thread] DEBUG PrimaryStageWindow   - Set initial scene to FXGLStartupScene
11:40:17.521 [JavaFX Application Thread] DEBUG PrimaryStageWindow   - Opening main window
11:40:17.572 [JavaFX Application Thread] DEBUG PrimaryStageWindow   - Window border size: (2.0, 29.0)
11:40:17.573 [JavaFX Application Thread] DEBUG PrimaryStageWindow   - Scaled size: 1816.0 x 1035.0
11:40:17.573 [JavaFX Application Thread] DEBUG PrimaryStageWindow   - Scaled ratio: (0.9458333333333333, 0.9583333333333334)
11:40:17.573 [JavaFX Application Thread] DEBUG PrimaryStageWindow   - Scene size: 1816.0 x 1035.0
11:40:17.574 [JavaFX Application Thread] DEBUG PrimaryStageWindow   - Stage size: 1818.0 x 1064.0
11:40:17.579 [FXGL Background Thread 1 ] DEBUG Engine               - Initializing environment variables
11:40:17.594 [FXGL Background Thread 1 ] DEBUG FXGLAssetLoaderServi - User app class for loading assets: class com.WorkshopJava.app.App
11:40:17.594 [FXGL Background Thread 1 ] DEBUG GameApplicationServi - Applying CSS: fxgl_dark.css
11:40:17.595 [FXGL Background Thread 1 ] DEBUG FXGLAssetLoaderServi - Loading from file system: jar:file:/home/Florian/.m2/repository/com/github/almasb/fxgl/17.2/fxgl-17.2.jar!/fxglassets/ui/css/fxgl_dark.css
11:40:17.636 [FXGL Background Thread 1 ] DEBUG GameApplicationServi - Initializing application scenes
11:40:17.673 [FXGL Background Thread 1 ] DEBUG GameWorld            - Game world initialized
11:40:17.716 [FXGL Background Thread 1 ] DEBUG PhysicsWorld         - Physics world initialized: appHeight=1080, physics.ppm=50,0
11:40:17.716 [FXGL Background Thread 1 ] DEBUG PhysicsWorld         - Using strategy: BRUTE_FORCE
11:40:17.719 [FXGL Background Thread 1 ] DEBUG GameScene            - Game scene initialized: 1920x1080
11:40:17.728 [FXGL Background Thread 1 ] DEBUG FXGL.DefaultMenu     - createMenuBodyGameMenu()
11:40:17.740 [FXGL Background Thread 1 ] DEBUG FXGL.DefaultMenu     - createOptionsMenu()
11:40:17.749 [FXGL Background Thread 1 ] DEBUG FXGLAssetLoaderServi - Loading from file system: jar:file:/home/Florian/.m2/repository/com/github/almasb/fxgl/17.2/fxgl-17.2.jar!/fxglassets/textures/particles/smoke.png
11:40:17.816 [FXGL Background Thread 1 ] DEBUG FXGLAssetLoaderServi - Loading from file system: jar:file:/home/Florian/.m2/repository/com/github/almasb/fxgl/17.2/fxgl-17.2.jar!/fxglassets/textures/particles/trace_horizontal.png
11:40:17.845 [FXGL Background Thread 1 ] DEBUG GameApplicationServi - Application scenes initialized
11:40:17.854 [FXGL Background Thread 1 ] DEBUG SystemBundleService  - Loading FXGL system data
11:40:17.856 [FXGL Background Thread 1 ] DEBUG FileSystemAccess     - Reading from: /home/Florian/Documents/tek2/experimentation/ws/Workshop_Java_FXGL/WorkshopJava-app/system/fxgl.bundle
11:40:17.860 [FXGL Background Thread 1 ] DEBUG SystemBundleService  - Bundle FXGL: {}
11:40:17.860 [FXGL Background Thread 1 ] DEBUG UpdaterService       - Checking for updates
11:40:17.863 [FXGL Background Thread 4 ] DEBUG FXGLApplication      - Loading fonts
11:40:17.863 [FXGL Background Thread 4 ] DEBUG FXGLAssetLoaderServi - Loading from file system: jar:file:/home/Florian/.m2/repository/com/github/almasb/fxgl/17.2/fxgl-17.2.jar!/fxglassets/ui/fonts/VarelaRound-Regular.ttf
11:40:17.863 [FXGL Background Thread 1 ] DEBUG FXGLApplication      - Loading default localization
11:40:17.863 [FXGL Background Thread 1 ] DEBUG FXGLAssetLoaderServi - Loading from file system: jar:file:/home/Florian/.m2/repository/com/github/almasb/fxgl/17.2/fxgl-17.2.jar!/fxglassets/languages/english.lang
11:40:17.868 [FXGL Background Thread 4 ] DEBUG FXGLAssetLoaderServi - Loading from file system: jar:file:/home/Florian/.m2/repository/com/github/almasb/fxgl/17.2/fxgl-17.2.jar!/fxglassets/ui/fonts/Abel-Regular.ttf
11:40:17.869 [FXGL Background Thread 4 ] DEBUG FXGLAssetLoaderServi - Loading from file system: jar:file:/home/Florian/.m2/repository/com/github/almasb/fxgl/17.2/fxgl-17.2.jar!/fxglassets/ui/fonts/TerminalLandMono-Regular.otf
11:40:17.870 [FXGL Background Thread 4 ] DEBUG FXGLAssetLoaderServi - Loading from file system: jar:file:/home/Florian/.m2/repository/com/github/almasb/fxgl/17.2/fxgl-17.2.jar!/fxglassets/ui/fonts/Courier-Prime.ttf
11:40:17.872 [FXGL Background Thread 1 ] INFO  FXGLApplication      - FXGL initialization took: 0,293 sec
11:40:17.872 [JavaFX Application Thread] DEBUG FXGLApplication      - Registering font factories with UI factory
11:40:17.880 [JavaFX Application Thread] DEBUG Input                - Registered new binding: action0 - Down
11:40:17.880 [JavaFX Application Thread] DEBUG Input                - Registered new binding: action1 - Up
11:40:17.880 [JavaFX Application Thread] DEBUG Input                - Registered new binding: action2 - Right
11:40:17.880 [JavaFX Application Thread] DEBUG Input                - Registered new binding: action3 - Left
11:40:17.881 [JavaFX Application Thread] DEBUG FXGLAssetLoaderServi - Loading from file system: jar:file:/home/Florian/.m2/repository/com/github/almasb/fxgl/17.2/fxgl-17.2.jar!/fxglassets/textures/fxgl_icon.png
11:40:17.906 [JavaFX Application Thread] DEBUG FXGLAssetLoaderServi - Loading from file system: jar:file:/home/Florian/.m2/repository/com/github/almasb/fxgl/17.2/fxgl-17.2.jar!/fxglassets/textures/fxgl_default_cursor.png
11:40:17.909 [JavaFX Application Thread] DEBUG Input                - Registered new binding: Screenshot - CTRL+8
11:40:17.909 [JavaFX Application Thread] DEBUG Input                - Registered new binding: System info dump - CTRL+9
11:40:17.910 [JavaFX Application Thread] DEBUG Input                - Registered new binding: Restart - CTRL+R
11:40:17.910 [JavaFX Application Thread] DEBUG Input                - Registered new binding: Toggle Debug Camera - CTRL+7
11:40:17.913 [JavaFX Application Thread] DEBUG LoopRunner           - Starting loop
11:40:17.913 [JavaFX Application Thread] DEBUG LoopRunner           - Initializing JavaFX AnimationTimerLoop
11:40:17.914 [JavaFX Application Thread] DEBUG GameApplicationServi - Starting new game
11:40:17.915 [JavaFX Application Thread] DEBUG Input                - Clearing active input actions
11:40:17.926 [JavaFX Application Thread] DEBUG GameApplicationServi - Removing overlay from FXGLStartupScene and adding to FXGLLoadingScene
11:40:17.927 [JavaFX Application Thread] DEBUG PrimaryStageWindow   - FXGLStartupScene -> FXGLLoadingScene
11:40:17.927 [JavaFX Application Thread] DEBUG GameApplicationServi - Clearing previous game
11:40:17.927 [JavaFX Application Thread] DEBUG GameScene            - Clearing game scene
11:40:17.927 [JavaFX Application Thread] DEBUG GameWorld            - Clearing game world
11:40:17.927 [JavaFX Application Thread] DEBUG PhysicsWorld         - Clearing physics world
11:40:17.929 [FXGL Background Thread 4 ] DEBUG FXGLApplication      - Initializing game
11:40:17.937 [FXGL Background Thread 4 ] INFO  FXGLApplication      - Game initialization took: 0,008 sec
11:40:18.007 [JavaFX Application Thread] DEBUG Input                - Clearing active input actions
11:40:18.016 [JavaFX Application Thread] DEBUG GameApplicationServi - Removing overlay from FXGLLoadingScene and adding to GameScene
11:40:18.016 [JavaFX Application Thread] DEBUG PrimaryStageWindow   - FXGLLoadingScene -> GameScene
11:40:18.288 [FXGL Background Thread 2 ] INFO  UpdaterService       - Your current version:  17.2
11:40:18.288 [FXGL Background Thread 2 ] INFO  UpdaterService       - Latest stable version: 17.3
11:40:19.449 [JavaFX Application Thread] DEBUG PrimaryStageWindow   - Push state: FXGLDefaultMenu
11:40:19.459 [JavaFX Application Thread] DEBUG Input                - Clearing active input actions
11:40:19.476 [JavaFX Application Thread] DEBUG GameApplicationServi - Removing overlay from GameScene and adding to FXGLDefaultMenu
11:40:19.477 [JavaFX Application Thread] DEBUG PrimaryStageWindow   - GameScene -> FXGLDefaultMenu
11:40:20.015 [JavaFX Application Thread] DEBUG PrimaryStageWindow   - Pop state: FXGLDefaultMenu
11:40:20.016 [JavaFX Application Thread] DEBUG Input                - Clearing active input actions
11:40:20.017 [JavaFX Application Thread] DEBUG GameApplicationServi - Removing overlay from FXGLDefaultMenu and adding to GameScene
11:40:20.019 [JavaFX Application Thread] DEBUG PrimaryStageWindow   - GameScene <- FXGLDefaultMenu
11:40:20.379 [JavaFX Application Thread] DEBUG PrimaryStageWindow   - Push state: FXGLDefaultMenu
11:40:20.380 [JavaFX Application Thread] DEBUG Input                - Clearing active input actions
11:40:20.382 [JavaFX Application Thread] DEBUG GameApplicationServi - Removing overlay from GameScene and adding to FXGLDefaultMenu
11:40:20.383 [JavaFX Application Thread] DEBUG PrimaryStageWindow   - GameScene -> FXGLDefaultMenu
11:40:20.862 [FXGL Background Thread 3 ] DEBUG Engine               - Logging environment variables
11:40:20.863 [FXGL Background Thread 3 ] DEBUG Engine               - achievements: []
11:40:20.864 [FXGL Background Thread 3 ] DEBUG Engine               - actualHeight: 1006.0
11:40:20.864 [FXGL Background Thread 3 ] DEBUG Engine               - actualHeightProperty: ReadOnlyDoubleProperty [value: 1007.0]
11:40:20.865 [FXGL Background Thread 3 ] DEBUG Engine               - actualWidth: 1814.0
11:40:20.865 [FXGL Background Thread 3 ] DEBUG Engine               - actualWidthProperty: ReadOnlyDoubleProperty [value: 1814.0]
11:40:20.865 [FXGL Background Thread 3 ] DEBUG Engine               - appIcon: fxgl_icon.png
11:40:20.865 [FXGL Background Thread 3 ] DEBUG Engine               - applicationMode: DEVELOPER
11:40:20.866 [FXGL Background Thread 3 ] DEBUG Engine               - cSSList: [fxgl_dark.css]
11:40:20.866 [FXGL Background Thread 3 ] DEBUG Engine               - collisionDetectionStrategy: BRUTE_FORCE
11:40:20.866 [FXGL Background Thread 3 ] DEBUG Engine               - configClass: Optional.empty
11:40:20.866 [FXGL Background Thread 3 ] DEBUG Engine               - credits: []
11:40:20.867 [FXGL Background Thread 3 ] DEBUG Engine               - defaultCursor: CursorInfo(imageName=fxgl_default_cursor.png, hotspotX=7.0, hotspotY=6.0)
11:40:20.868 [FXGL Background Thread 3 ] DEBUG Engine               - devBBoxColorProperty: ObjectProperty [value: 0xff0000ff]
11:40:20.868 [FXGL Background Thread 3 ] DEBUG Engine               - devEnableDebugCameraProperty: BooleanProperty [value: false]
11:40:20.869 [FXGL Background Thread 3 ] DEBUG Engine               - devSensorColorProperty: ObjectProperty [value: 0xffff00ff]
11:40:20.869 [FXGL Background Thread 3 ] DEBUG Engine               - devShowBBoxProperty: BooleanProperty [value: false]
11:40:20.869 [FXGL Background Thread 3 ] DEBUG Engine               - devShowPositionProperty: BooleanProperty [value: false]
11:40:20.869 [FXGL Background Thread 3 ] DEBUG Engine               - enabledMenuItems: []
11:40:20.870 [FXGL Background Thread 3 ] DEBUG Engine               - engineServices: [class com.almasb.fxgl.app.services.FXGLAssetLoaderService, class com.almasb.fxgl.app.FXGLApplication$GameApplicationService, class com.almasb.fxgl.app.services.FXGLDialogService, class com.almasb.fxgl.app.services.IOTaskExecutorService, class com.almasb.fxgl.io.FileSystemService, class com.almasb.fxgl.localization.LocalizationService, class com.almasb.fxgl.app.services.SystemBundleService, class com.almasb.fxgl.profile.SaveLoadService, class com.almasb.fxgl.ui.FXGLUIFactoryServiceProvider, class com.almasb.fxgl.ui.FXGLDialogFactoryServiceProvider, class com.almasb.fxgl.audio.AudioPlayer, class com.almasb.fxgl.notification.impl.NotificationServiceProvider, class com.almasb.fxgl.achievement.AchievementService, class com.almasb.fxgl.cutscene.CutsceneService, class com.almasb.fxgl.minigames.MiniGameService, class com.almasb.fxgl.net.NetService, class com.almasb.fxgl.app.services.UpdaterService, class com.almasb.fxgl.dev.DevService]
11:40:20.870 [FXGL Background Thread 3 ] DEBUG Engine               - fontGame: Abel-Regular.ttf
11:40:20.870 [FXGL Background Thread 3 ] DEBUG Engine               - fontMono: TerminalLandMono-Regular.otf
11:40:20.870 [FXGL Background Thread 3 ] DEBUG Engine               - fontText: Courier-Prime.ttf
11:40:20.871 [FXGL Background Thread 3 ] DEBUG Engine               - fontUI: VarelaRound-Regular.ttf
11:40:20.871 [FXGL Background Thread 3 ] DEBUG Engine               - fullScreen: BooleanProperty [value: false]
11:40:20.871 [FXGL Background Thread 3 ] DEBUG Engine               - gameDifficulty: MEDIUM
11:40:20.871 [FXGL Background Thread 3 ] DEBUG Engine               - gameDifficultyProperty: ObjectProperty [value: MEDIUM]
11:40:20.872 [FXGL Background Thread 3 ] DEBUG Engine               - globalMusicVolume: 0.5
11:40:20.872 [FXGL Background Thread 3 ] DEBUG Engine               - globalMusicVolumeProperty: DoubleProperty [value: 0.5]
11:40:20.872 [FXGL Background Thread 3 ] DEBUG Engine               - globalSoundVolume: 0.5
11:40:20.873 [FXGL Background Thread 3 ] DEBUG Engine               - globalSoundVolumeProperty: DoubleProperty [value: 0.5]
11:40:20.873 [FXGL Background Thread 3 ] DEBUG Engine               - height: 1080
11:40:20.873 [FXGL Background Thread 3 ] DEBUG Engine               - is3D: false
11:40:20.873 [FXGL Background Thread 3 ] DEBUG Engine               - isAndroid: false
11:40:20.874 [FXGL Background Thread 3 ] DEBUG Engine               - isBrowser: false
11:40:20.874 [FXGL Background Thread 3 ] DEBUG Engine               - isClickFeedbackEnabled: false
11:40:20.874 [FXGL Background Thread 3 ] DEBUG Engine               - isCloseConfirmation: false
11:40:20.874 [FXGL Background Thread 3 ] DEBUG Engine               - isDesktop: true
11:40:20.875 [FXGL Background Thread 3 ] DEBUG Engine               - isDeveloperMenuEnabled: false
11:40:20.875 [FXGL Background Thread 3 ] DEBUG Engine               - isEmbedded: false
11:40:20.875 [FXGL Background Thread 3 ] DEBUG Engine               - isEntityPreloadEnabled: true
11:40:20.876 [FXGL Background Thread 3 ] DEBUG Engine               - isExperimentalTiledLargeMap: false
11:40:20.876 [FXGL Background Thread 3 ] DEBUG Engine               - isFileSystemWriteAllowed: true
11:40:20.876 [FXGL Background Thread 3 ] DEBUG Engine               - isFullScreenAllowed: false
11:40:20.876 [FXGL Background Thread 3 ] DEBUG Engine               - isFullScreenFromStart: false
11:40:20.877 [FXGL Background Thread 3 ] DEBUG Engine               - isGameMenuEnabled: true
11:40:20.877 [FXGL Background Thread 3 ] DEBUG Engine               - isIOS: false
11:40:20.877 [FXGL Background Thread 3 ] DEBUG Engine               - isIntroEnabled: false
11:40:20.877 [FXGL Background Thread 3 ] DEBUG Engine               - isLinux: true
11:40:20.878 [FXGL Background Thread 3 ] DEBUG Engine               - isMac: false
11:40:20.878 [FXGL Background Thread 3 ] DEBUG Engine               - isMainMenuEnabled: false
11:40:20.878 [FXGL Background Thread 3 ] DEBUG Engine               - isManualResizeEnabled: false
11:40:20.878 [FXGL Background Thread 3 ] DEBUG Engine               - isMobile: false
11:40:20.878 [FXGL Background Thread 3 ] DEBUG Engine               - isNative: false
11:40:20.878 [FXGL Background Thread 3 ] DEBUG Engine               - isPauseMusicWhenMinimized: true
11:40:20.878 [FXGL Background Thread 3 ] DEBUG Engine               - isPreserveResizeRatio: false
11:40:20.879 [FXGL Background Thread 3 ] DEBUG Engine               - isProfilingEnabled: false
11:40:20.879 [FXGL Background Thread 3 ] DEBUG Engine               - isScaleAffectedOnResize: true
11:40:20.879 [FXGL Background Thread 3 ] DEBUG Engine               - isSingleStep: false
11:40:20.879 [FXGL Background Thread 3 ] DEBUG Engine               - isUserProfileEnabled: false
11:40:20.879 [FXGL Background Thread 3 ] DEBUG Engine               - isWindows: false
11:40:20.879 [FXGL Background Thread 3 ] DEBUG Engine               - language: ObjectProperty [value: ENGLISH]
11:40:20.880 [FXGL Background Thread 3 ] DEBUG Engine               - menuKey: ESCAPE
11:40:20.880 [FXGL Background Thread 3 ] DEBUG Engine               - mouseSensitivity: 0.2
11:40:20.880 [FXGL Background Thread 3 ] DEBUG Engine               - notificationViewClass: class com.almasb.fxgl.notification.view.XboxNotificationView
11:40:20.880 [FXGL Background Thread 3 ] DEBUG Engine               - pixelsPerMeter: 50.0
11:40:20.880 [FXGL Background Thread 3 ] DEBUG Engine               - platform: LINUX
11:40:20.880 [FXGL Background Thread 3 ] DEBUG Engine               - prefHeightProperty: ReadOnlyDoubleProperty [value: 1080.0]
11:40:20.881 [FXGL Background Thread 3 ] DEBUG Engine               - prefWidthProperty: ReadOnlyDoubleProperty [value: 1920.0]
11:40:20.881 [FXGL Background Thread 3 ] DEBUG Engine               - profileDir: profiles/
11:40:20.881 [FXGL Background Thread 3 ] DEBUG Engine               - profileName: StringProperty [value: DEFAULT]
11:40:20.881 [FXGL Background Thread 3 ] DEBUG Engine               - randomSeed: -1
11:40:20.882 [FXGL Background Thread 3 ] DEBUG Engine               - runtimeInfo: RuntimeInfo(platform=LINUX, version=17.2, build=20.08.2022 16.50)
11:40:20.882 [FXGL Background Thread 3 ] DEBUG Engine               - saveFileExt: sav
11:40:20.882 [FXGL Background Thread 3 ] DEBUG Engine               - scaledHeightProp$fxgl: DoubleProperty [bound, value: 1007.0]
11:40:20.883 [FXGL Background Thread 3 ] DEBUG Engine               - scaledWidthProp$fxgl: DoubleProperty [bound, value: 1814.0]
11:40:20.883 [FXGL Background Thread 3 ] DEBUG Engine               - sceneFactory: com.almasb.fxgl.app.scene.SceneFactory@2bc13579
11:40:20.883 [FXGL Background Thread 3 ] DEBUG Engine               - secondsIn24h: 60
11:40:20.883 [FXGL Background Thread 3 ] DEBUG Engine               - soundMenuBack: menu/back.wav
11:40:20.883 [FXGL Background Thread 3 ] DEBUG Engine               - soundMenuPress: menu/press.wav
11:40:20.883 [FXGL Background Thread 3 ] DEBUG Engine               - soundMenuSelect: menu/select.wav
11:40:20.884 [FXGL Background Thread 3 ] DEBUG Engine               - soundNotification: core/notification.wav
11:40:20.884 [FXGL Background Thread 3 ] DEBUG Engine               - stageStyle: DECORATED
11:40:20.884 [FXGL Background Thread 3 ] DEBUG Engine               - supportedLanguages: [ENGLISH, FRENCH, GERMAN, HUNGARIAN, RUSSIAN]
11:40:20.884 [FXGL Background Thread 3 ] DEBUG Engine               - ticksPerSecond: -1
11:40:20.884 [FXGL Background Thread 3 ] DEBUG Engine               - title: WorkshopJava
11:40:20.884 [FXGL Background Thread 3 ] DEBUG Engine               - urlGithub: https://github.com/AlmasB/FXGL
11:40:20.885 [FXGL Background Thread 3 ] DEBUG Engine               - urlLeaderboard: http://fxgl-top.herokuapp.com/
11:40:20.885 [FXGL Background Thread 3 ] DEBUG Engine               - urlPOM: https://raw.githubusercontent.com/AlmasB/FXGL/release/README.md
11:40:20.885 [FXGL Background Thread 3 ] DEBUG Engine               - userAppClass: class com.WorkshopJava.app.App
11:40:20.885 [FXGL Background Thread 3 ] DEBUG Engine               - version: 0.0
11:40:20.885 [FXGL Background Thread 3 ] DEBUG Engine               - versionCheckDays: 7
11:40:20.885 [FXGL Background Thread 3 ] DEBUG Engine               - width: 1920
11:40:20.885 [FXGL Background Thread 3 ] DEBUG Engine               - Logging services
11:40:20.886 [FXGL Background Thread 3 ] DEBUG Engine               - class com.almasb.fxgl.app.services.FXGLAssetLoaderService
11:40:20.886 [FXGL Background Thread 3 ] DEBUG Engine               - class com.almasb.fxgl.app.FXGLApplication$GameApplicationService
11:40:20.886 [FXGL Background Thread 3 ] DEBUG Engine               - class com.almasb.fxgl.app.services.FXGLDialogService
11:40:20.886 [FXGL Background Thread 3 ] DEBUG Engine               - class com.almasb.fxgl.app.services.IOTaskExecutorService
11:40:20.886 [FXGL Background Thread 3 ] DEBUG Engine               - class com.almasb.fxgl.io.FileSystemService
11:40:20.886 [FXGL Background Thread 3 ] DEBUG Engine               - class com.almasb.fxgl.localization.LocalizationService
11:40:20.887 [FXGL Background Thread 3 ] DEBUG Engine               - class com.almasb.fxgl.app.services.SystemBundleService
11:40:20.887 [FXGL Background Thread 3 ] DEBUG Engine               - class com.almasb.fxgl.profile.SaveLoadService
11:40:20.887 [FXGL Background Thread 3 ] DEBUG Engine               - class com.almasb.fxgl.ui.FXGLUIFactoryServiceProvider
11:40:20.887 [FXGL Background Thread 3 ] DEBUG Engine               - class com.almasb.fxgl.ui.FXGLDialogFactoryServiceProvider
11:40:20.887 [FXGL Background Thread 3 ] DEBUG Engine               - class com.almasb.fxgl.audio.AudioPlayer
11:40:20.887 [FXGL Background Thread 3 ] DEBUG Engine               - class com.almasb.fxgl.notification.impl.NotificationServiceProvider
11:40:20.887 [FXGL Background Thread 3 ] DEBUG Engine               - class com.almasb.fxgl.achievement.AchievementService
11:40:20.887 [FXGL Background Thread 3 ] DEBUG Engine               - class com.almasb.fxgl.cutscene.CutsceneService
11:40:20.887 [FXGL Background Thread 3 ] DEBUG Engine               - class com.almasb.fxgl.minigames.MiniGameService
11:40:20.887 [FXGL Background Thread 3 ] DEBUG Engine               - class com.almasb.fxgl.net.NetService
11:40:20.887 [FXGL Background Thread 3 ] DEBUG Engine               - class com.almasb.fxgl.app.services.UpdaterService
11:40:20.888 [FXGL Background Thread 3 ] DEBUG Engine               - class com.almasb.fxgl.dev.DevService
11:40:22.649 [JavaFX Application Thread] DEBUG PrimaryStageWindow   - Pop state: FXGLDefaultMenu
11:40:22.649 [JavaFX Application Thread] DEBUG Input                - Clearing active input actions
11:40:22.651 [JavaFX Application Thread] DEBUG GameApplicationServi - Removing overlay from FXGLDefaultMenu and adding to GameScene
11:40:22.652 [JavaFX Application Thread] DEBUG PrimaryStageWindow   - GameScene <- FXGLDefaultMenu
11:40:22.900 [JavaFX Application Thread] DEBUG PrimaryStageWindow   - Push state: FXGLDefaultMenu
11:40:22.901 [JavaFX Application Thread] DEBUG Input                - Clearing active input actions
11:40:22.907 [JavaFX Application Thread] DEBUG GameApplicationServi - Removing overlay from GameScene and adding to FXGLDefaultMenu
11:40:22.908 [JavaFX Application Thread] DEBUG PrimaryStageWindow   - GameScene -> FXGLDefaultMenu
11:40:32.384 [JavaFX Application Thread] DEBUG FXGL.DefaultMenu     - createContentGameplay()
11:40:33.353 [JavaFX Application Thread] DEBUG FXGL.DefaultMenu     - createContentControls()
11:40:33.944 [JavaFX Application Thread] DEBUG FXGL.DefaultMenu     - createContentVideo()
11:40:34.413 [JavaFX Application Thread] DEBUG FXGL.DefaultMenu     - createContentAudio()
11:40:37.174 [JavaFX Application Thread] DEBUG PrimaryStageWindow   - Push state: DialogSubScene
11:40:37.175 [JavaFX Application Thread] DEBUG Input                - Clearing active input actions
11:40:37.176 [JavaFX Application Thread] DEBUG GameApplicationServi - Removing overlay from FXGLDefaultMenu and adding to DialogSubScene
11:40:37.176 [JavaFX Application Thread] DEBUG PrimaryStageWindow   - FXGLDefaultMenu -> DialogSubScene
11:40:39.510 [JavaFX Application Thread] DEBUG PrimaryStageWindow   - Pop state: DialogSubScene
11:40:39.510 [JavaFX Application Thread] DEBUG Input                - Clearing active input actions
11:40:39.511 [JavaFX Application Thread] DEBUG GameApplicationServi - Removing overlay from DialogSubScene and adding to FXGLDefaultMenu
11:40:39.512 [JavaFX Application Thread] DEBUG PrimaryStageWindow   - FXGLDefaultMenu <- DialogSubScene
11:40:39.905 [JavaFX Application Thread] DEBUG PrimaryStageWindow   - Pop state: FXGLDefaultMenu
11:40:39.906 [JavaFX Application Thread] DEBUG Input                - Clearing active input actions
11:40:39.907 [JavaFX Application Thread] DEBUG GameApplicationServi - Removing overlay from FXGLDefaultMenu and adding to GameScene
11:40:39.907 [JavaFX Application Thread] DEBUG PrimaryStageWindow   - GameScene <- FXGLDefaultMenu
11:40:42.137 [JavaFX Application Thread] DEBUG PrimaryStageWindow   - Push state: FXGLDefaultMenu
11:40:42.137 [JavaFX Application Thread] DEBUG Input                - Clearing active input actions
11:40:42.140 [JavaFX Application Thread] DEBUG GameApplicationServi - Removing overlay from GameScene and adding to FXGLDefaultMenu
11:40:42.141 [JavaFX Application Thread] DEBUG PrimaryStageWindow   - GameScene -> FXGLDefaultMenu
11:40:42.985 [JavaFX Application Thread] DEBUG PrimaryStageWindow   - Pop state: FXGLDefaultMenu
11:40:42.986 [JavaFX Application Thread] DEBUG Input                - Clearing active input actions
11:40:42.986 [JavaFX Application Thread] DEBUG GameApplicationServi - Removing overlay from FXGLDefaultMenu and adding to GameScene
11:40:42.987 [JavaFX Application Thread] DEBUG PrimaryStageWindow   - GameScene <- FXGLDefaultMenu
11:40:43.164 [JavaFX Application Thread] DEBUG PrimaryStageWindow   - Push state: FXGLDefaultMenu
11:40:43.165 [JavaFX Application Thread] DEBUG Input                - Clearing active input actions
11:40:43.166 [JavaFX Application Thread] DEBUG GameApplicationServi - Removing overlay from GameScene and adding to FXGLDefaultMenu
11:40:43.166 [JavaFX Application Thread] DEBUG PrimaryStageWindow   - GameScene -> FXGLDefaultMenu
11:40:43.657 [JavaFX Application Thread] DEBUG PrimaryStageWindow   - Pop state: FXGLDefaultMenu
11:40:43.657 [JavaFX Application Thread] DEBUG Input                - Clearing active input actions
11:40:43.657 [JavaFX Application Thread] DEBUG GameApplicationServi - Removing overlay from FXGLDefaultMenu and adding to GameScene
11:40:43.657 [JavaFX Application Thread] DEBUG PrimaryStageWindow   - GameScene <- FXGLDefaultMenu
11:40:44.604 [JavaFX Application Thread] DEBUG PrimaryStageWindow   - Push state: FXGLDefaultMenu
11:40:44.604 [JavaFX Application Thread] DEBUG Input                - Clearing active input actions
11:40:44.606 [JavaFX Application Thread] DEBUG GameApplicationServi - Removing overlay from GameScene and adding to FXGLDefaultMenu
11:40:44.607 [JavaFX Application Thread] DEBUG PrimaryStageWindow   - GameScene -> FXGLDefaultMenu
11:40:46.053 [JavaFX Application Thread] DEBUG Menu                 - fireExit()
11:40:46.057 [JavaFX Application Thread] DEBUG PrimaryStageWindow   - Push state: DialogSubScene
11:40:46.057 [JavaFX Application Thread] DEBUG Input                - Clearing active input actions
11:40:46.058 [JavaFX Application Thread] DEBUG GameApplicationServi - Removing overlay from FXGLDefaultMenu and adding to DialogSubScene
11:40:46.058 [JavaFX Application Thread] DEBUG PrimaryStageWindow   - FXGLDefaultMenu -> DialogSubScene
11:40:47.174 [JavaFX Application Thread] DEBUG PrimaryStageWindow   - Pop state: DialogSubScene
11:40:47.175 [JavaFX Application Thread] DEBUG Input                - Clearing active input actions
11:40:47.176 [JavaFX Application Thread] DEBUG GameApplicationServi - Removing overlay from DialogSubScene and adding to FXGLDefaultMenu
11:40:47.176 [JavaFX Application Thread] DEBUG PrimaryStageWindow   - FXGLDefaultMenu <- DialogSubScene
11:40:47.177 [JavaFX Application Thread] DEBUG FXGLApplication      - Exiting FXGL
11:40:47.177 [JavaFX Application Thread] DEBUG LoopRunner           - Stopping loop
11:40:47.177 [JavaFX Application Thread] DEBUG SystemBundleService  - Saving FXGL system data
11:40:47.182 [JavaFX Application Thread] DEBUG FileSystemAccess     - Writing to: /home/Florian/Documents/tek2/experimentation/ws/Workshop_Java_FXGL/WorkshopJava-app/system/fxgl.bundle
11:40:47.186 [JavaFX Application Thread] DEBUG Async                - Shutting down background threads
11:40:47.187 [JavaFX Application Thread] DEBUG PrimaryStageWindow   - Closing main window
11:40:47.192 [JavaFX Application Thread] DEBUG Logger               - Closing Logger
